#
# There is insufficient memory for the Java Runtime Environment to continue.
# Native memory allocation (mmap) failed to map 225443840 bytes for Failed to commit area from 0x000000008d700000 to 0x000000009ae00000 of length 225443840.
# Possible reasons:
#   The system is out of physical RAM or swap space
#   The process is running with CompressedOops enabled, and the Java Heap may be blocking the growth of the native heap
# Possible solutions:
#   Reduce memory load on the system
#   Increase physical memory or swap space
#   Check if swap backing store is full
#   Decrease Java heap size (-Xmx/-Xms)
#   Decrease number of Java threads
#   Decrease Java thread stack sizes (-Xss)
#   Set larger code cache with -XX:ReservedCodeCacheSize=
#   JVM is running with Unscaled Compressed Oops mode in which the Java heap is
#     placed in the first 4GB address space. The Java Heap base address is the
#     maximum limit for the native heap growth. Please use -XX:HeapBaseMinAddress
#     to set the Java Heap base and to place the Java Heap above 4GB virtual address.
# This output file may be truncated or incomplete.
#
#  Out of Memory Error (os_windows.cpp:3388), pid=9560, tid=15876
#
# JRE version: OpenJDK Runtime Environment Temurin-11.0.22+7 (11.0.22+7) (build 11.0.22+7)
# Java VM: OpenJDK 64-Bit Server VM Temurin-11.0.22+7 (11.0.22+7, mixed mode, tiered, compressed oops, g1 gc, windows-amd64)
# No core dump will be written. Minidumps are not enabled by default on client versions of Windows
#

---------------  S U M M A R Y ------------

Command Line: --add-opens=java.base/java.util=ALL-UNNAMED --add-opens=java.base/java.lang=ALL-UNNAMED --add-opens=java.base/java.lang.invoke=ALL-UNNAMED --add-opens=java.base/java.util=ALL-UNNAMED --add-opens=java.prefs/java.util.prefs=ALL-UNNAMED --add-opens=java.prefs/java.util.prefs=ALL-UNNAMED --add-opens=java.base/java.nio.charset=ALL-UNNAMED --add-opens=java.base/java.net=ALL-UNNAMED --add-opens=java.base/java.util.concurrent.atomic=ALL-UNNAMED -Xmx2048m -Dfile.encoding=UTF-8 -Duser.country=RU -Duser.language=ru -Duser.variant org.gradle.launcher.daemon.bootstrap.GradleDaemon 7.2

Host: 11th Gen Intel(R) Core(TM) i5-1135G7 @ 2.40GHz, 8 cores, 7G,  Windows 10 , 64 bit Build 19041 (10.0.19041.5198)
Time: Thu Feb  6 11:02:48 2025  Windows 10 , 64 bit Build 19041 (10.0.19041.5198) elapsed time: 70.526971 seconds (0d 0h 1m 10s)

---------------  T H R E A D  ---------------

Current thread (0x0000023e23a63000):  VMThread "VM Thread" [stack: 0x000000a627100000,0x000000a627200000] [id=15876]

Stack: [0x000000a627100000,0x000000a627200000]
[error occurred during error reporting (printing stack bounds), id 0xc0000005, EXCEPTION_ACCESS_VIOLATION (0xc0000005) at pc=0x0000023e0d0d12e7]

Native frames: (J=compiled Java code, j=interpreted, Vv=VM code, C=native code)
V  [jvm.dll+0x64590a]
V  [jvm.dll+0x7d9429]
V  [jvm.dll+0x7dab29]
V  [jvm.dll+0x7db175]
V  [jvm.dll+0x7db12b]
V  [jvm.dll+0x644c15]
V  [jvm.dll+0x645318]
C  [ntdll.dll+0xa28bf]
C  [ntdll.dll+0x52554]
C  [ntdll.dll+0xa13ce]
C  0x0000023e0d0d12e7

VM_Operation (0x000000a62f2fa770): G1CollectForAllocation, mode: safepoint, requested by thread 0x0000023e2acd1000


---------------  P R O C E S S  ---------------

Threads class SMR info:
_java_thread_list=0x0000023e2866d9c0, length=125, elements={
0x0000023e04943800, 0x0000023e23a77800, 0x0000023e23a6e000, 0x0000023e243e6800,
0x0000023e243ec800, 0x0000023e23a86800, 0x0000023e23a8e000, 0x0000023e243f6800,
0x0000023e243f7800, 0x0000023e23a84800, 0x0000023e23a87000, 0x0000023e23a82000,
0x0000023e23a83000, 0x0000023e23a85800, 0x0000023e23a88000, 0x0000023e23a88800,
0x0000023e23a84000, 0x0000023e24778800, 0x0000023e24776000, 0x0000023e24774800,
0x0000023e2477b000, 0x0000023e2477b800, 0x0000023e2477a000, 0x0000023e24779000,
0x0000023e2477c800, 0x0000023e24776800, 0x0000023e2477d800, 0x0000023e24783000,
0x0000023e2477f800, 0x0000023e24780800, 0x0000023e2477e000, 0x0000023e24781800,
0x0000023e2477f000, 0x0000023e24782000, 0x0000023e24777800, 0x0000023e2877b000,
0x0000023e2877d000, 0x0000023e2877c000, 0x0000023e2877d800, 0x0000023e2877e800,
0x0000023e2877a800, 0x0000023e28781000, 0x0000023e28782000, 0x0000023e28785000,
0x0000023e28780000, 0x0000023e28786800, 0x0000023e28786000, 0x0000023e28783800,
0x0000023e28787800, 0x0000023e28788800, 0x0000023e28784000, 0x0000023e28782800,
0x0000023e28789000, 0x0000023e28865000, 0x0000023e28864000, 0x0000023e28863800,
0x0000023e28861000, 0x0000023e28862800, 0x0000023e28866000, 0x0000023e28860000,
0x0000023e28866800, 0x0000023e28867800, 0x0000023e28862000, 0x0000023e28869000,
0x0000023e28868800, 0x0000023e2886a800, 0x0000023e2886f000, 0x0000023e2886a000,
0x0000023e2886b800, 0x0000023e2886c800, 0x0000023e2886e000, 0x0000023e2886d000,
0x0000023e26f7a000, 0x0000023e26f79000, 0x0000023e26f75000, 0x0000023e26f76000,
0x0000023e26f74800, 0x0000023e26f7b800, 0x0000023e26f78800, 0x0000023e26f7c800,
0x0000023e26f77800, 0x0000023e26f7b000, 0x0000023e26f76800, 0x0000023e26f7e000,
0x0000023e26f81800, 0x0000023e26f82000, 0x0000023e26f7f000, 0x0000023e26f7f800,
0x0000023e26f83000, 0x0000023e26f7d800, 0x0000023e26f80800, 0x0000023e26c07000,
0x0000023e26c09800, 0x0000023e26c0a800, 0x0000023e26c05800, 0x0000023e26c04800,
0x0000023e26c08000, 0x0000023e26c0b000, 0x0000023e26c0c000, 0x0000023e26c06800,
0x0000023e26c0d000, 0x0000023e26c0d800, 0x0000023e26c0e800, 0x0000023e26c09000,
0x0000023e26c0f800, 0x0000023e26c10000, 0x0000023e26c11000, 0x0000023e26c12000,
0x0000023e26c12800, 0x0000023e26c13800, 0x0000023e2acd3800, 0x0000023e2acd0000,
0x0000023e2acd4000, 0x0000023e2acd1800, 0x0000023e2acd2800, 0x0000023e2acd5000,
0x0000023e2accf800, 0x0000023e2acd6000, 0x0000023e2acd6800, 0x0000023e2acd1000,
0x0000023e2acda000, 0x0000023e2acd9000, 0x0000023e2acda800, 0x0000023e2c5ab800,
0x0000023e2c5ac800
}

Java Threads: ( => current thread )
  0x0000023e04943800 JavaThread "main" [_thread_blocked, id=22248, stack(0x000000a626b00000,0x000000a626c00000)]
  0x0000023e23a77800 JavaThread "Reference Handler" daemon [_thread_blocked, id=26236, stack(0x000000a627200000,0x000000a627300000)]
  0x0000023e23a6e000 JavaThread "Finalizer" daemon [_thread_blocked, id=24228, stack(0x000000a627300000,0x000000a627400000)]
  0x0000023e243e6800 JavaThread "Signal Dispatcher" daemon [_thread_blocked, id=26204, stack(0x000000a627400000,0x000000a627500000)]
  0x0000023e243ec800 JavaThread "Attach Listener" daemon [_thread_blocked, id=23160, stack(0x000000a627500000,0x000000a627600000)]
  0x0000023e23a86800 JavaThread "Service Thread" daemon [_thread_blocked, id=25000, stack(0x000000a627600000,0x000000a627700000)]
  0x0000023e23a8e000 JavaThread "C2 CompilerThread0" daemon [_thread_blocked, id=23000, stack(0x000000a627700000,0x000000a627800000)]
  0x0000023e243f6800 JavaThread "C1 CompilerThread0" daemon [_thread_blocked, id=15648, stack(0x000000a627800000,0x000000a627900000)]
  0x0000023e243f7800 JavaThread "Sweeper thread" daemon [_thread_blocked, id=15636, stack(0x000000a627900000,0x000000a627a00000)]
  0x0000023e23a84800 JavaThread "Common-Cleaner" daemon [_thread_blocked, id=4268, stack(0x000000a627a00000,0x000000a627b00000)]
  0x0000023e23a87000 JavaThread "Daemon health stats" [_thread_blocked, id=26292, stack(0x000000a627d00000,0x000000a627e00000)]
  0x0000023e23a82000 JavaThread "Incoming local TCP Connector on port 58813" [_thread_in_native, id=21932, stack(0x000000a627e00000,0x000000a627f00000)]
  0x0000023e23a83000 JavaThread "Daemon periodic checks" [_thread_blocked, id=13056, stack(0x000000a627f00000,0x000000a628000000)]
  0x0000023e23a85800 JavaThread "Daemon" [_thread_blocked, id=10872, stack(0x000000a628000000,0x000000a628100000)]
  0x0000023e23a88000 JavaThread "Handler for socket connection from /127.0.0.1:58813 to /127.0.0.1:58814" [_thread_in_native, id=15492, stack(0x000000a628100000,0x000000a628200000)]
  0x0000023e23a88800 JavaThread "Cancel handler" [_thread_blocked, id=25080, stack(0x000000a628200000,0x000000a628300000)]
  0x0000023e23a84000 JavaThread "Daemon worker" [_thread_blocked, id=23968, stack(0x000000a628300000,0x000000a628400000)]
  0x0000023e24778800 JavaThread "Asynchronous log dispatcher for DefaultDaemonConnection: socket connection from /127.0.0.1:58813 to /127.0.0.1:58814" [_thread_blocked, id=3436, stack(0x000000a628400000,0x000000a628500000)]
  0x0000023e24776000 JavaThread "Daemon client event forwarder" [_thread_blocked, id=18792, stack(0x000000a628600000,0x000000a628700000)]
  0x0000023e24774800 JavaThread "Cache worker for journal cache (C:\Users\Sofia\.gradle\caches\journal-1)" [_thread_blocked, id=23708, stack(0x000000a628d00000,0x000000a628e00000)]
  0x0000023e2477b000 JavaThread "File lock request listener" [_thread_in_native, id=10008, stack(0x000000a628e00000,0x000000a628f00000)]
  0x0000023e2477b800 JavaThread "Cache worker for file hash cache (C:\Users\Sofia\.gradle\caches\7.2\fileHashes)" [_thread_blocked, id=2356, stack(0x000000a629000000,0x000000a629100000)]
  0x0000023e2477a000 JavaThread "Cache worker for file hash cache (C:\Netology\fmh_android_15_03_24\.gradle\7.2\fileHashes)" [_thread_blocked, id=21100, stack(0x000000a629100000,0x000000a629200000)]
  0x0000023e24779000 JavaThread "File watcher server" daemon [_thread_in_native, id=18256, stack(0x000000a629200000,0x000000a629300000)]
  0x0000023e2477c800 JavaThread "File watcher consumer" daemon [_thread_blocked, id=23668, stack(0x000000a629300000,0x000000a629400000)]
  0x0000023e24776800 JavaThread "Daemon Thread 2" [_thread_blocked, id=1712, stack(0x000000a629400000,0x000000a629500000)]
  0x0000023e2477d800 JavaThread "jar transforms" [_thread_blocked, id=4500, stack(0x000000a629600000,0x000000a629700000)]
  0x0000023e24783000 JavaThread "jar transforms Thread 2" [_thread_blocked, id=11008, stack(0x000000a629700000,0x000000a629800000)]
  0x0000023e2477f800 JavaThread "jar transforms Thread 3" [_thread_blocked, id=20896, stack(0x000000a629800000,0x000000a629900000)]
  0x0000023e24780800 JavaThread "jar transforms Thread 4" [_thread_blocked, id=11500, stack(0x000000a629900000,0x000000a629a00000)]
  0x0000023e2477e000 JavaThread "jar transforms Thread 5" [_thread_blocked, id=23900, stack(0x000000a629a00000,0x000000a629b00000)]
  0x0000023e24781800 JavaThread "jar transforms Thread 6" [_thread_blocked, id=15232, stack(0x000000a629b00000,0x000000a629c00000)]
  0x0000023e2477f000 JavaThread "jar transforms Thread 7" [_thread_blocked, id=15288, stack(0x000000a629c00000,0x000000a629d00000)]
  0x0000023e24782000 JavaThread "jar transforms Thread 8" [_thread_blocked, id=2096, stack(0x000000a629d00000,0x000000a629e00000)]
  0x0000023e24777800 JavaThread "Cache worker for checksums cache (C:\Netology\fmh_android_15_03_24\.gradle\checksums)" [_thread_blocked, id=8104, stack(0x000000a629500000,0x000000a629600000)]
  0x0000023e2877b000 JavaThread "Cache worker for cache directory md-supplier (C:\Users\Sofia\.gradle\caches\7.2\md-supplier)" [_thread_blocked, id=1516, stack(0x000000a629e00000,0x000000a629f00000)]
  0x0000023e2877d000 JavaThread "Cache worker for cache directory md-rule (C:\Users\Sofia\.gradle\caches\7.2\md-rule)" [_thread_blocked, id=15964, stack(0x000000a629f00000,0x000000a62a000000)]
  0x0000023e2877c000 JavaThread "Cache worker for execution history cache (C:\Users\Sofia\.gradle\caches\7.2\executionHistory)" [_thread_blocked, id=20856, stack(0x000000a62a000000,0x000000a62a100000)]
  0x0000023e2877d800 JavaThread "Cache worker for file content cache (C:\Users\Sofia\.gradle\caches\7.2\fileContent)" [_thread_blocked, id=22580, stack(0x000000a62a100000,0x000000a62a200000)]
  0x0000023e2877e800 JavaThread "Cache worker for dependencies-accessors (C:\Netology\fmh_android_15_03_24\.gradle\7.2\dependencies-accessors)" [_thread_blocked, id=6080, stack(0x000000a62a200000,0x000000a62a300000)]
  0x0000023e2877a800 JavaThread "Cache worker for Build Output Cleanup Cache (C:\Netology\fmh_android_15_03_24\.gradle\buildOutputCleanup)" [_thread_blocked, id=2120, stack(0x000000a62a300000,0x000000a62a400000)]
  0x0000023e28781000 JavaThread "Unconstrained build operations" [_thread_blocked, id=25720, stack(0x000000a62a400000,0x000000a62a500000)]
  0x0000023e28782000 JavaThread "Unconstrained build operations Thread 2" [_thread_blocked, id=15860, stack(0x000000a62a500000,0x000000a62a600000)]
  0x0000023e28785000 JavaThread "Unconstrained build operations Thread 3" [_thread_blocked, id=25692, stack(0x000000a62a600000,0x000000a62a700000)]
  0x0000023e28780000 JavaThread "Unconstrained build operations Thread 4" [_thread_blocked, id=26468, stack(0x000000a62a700000,0x000000a62a800000)]
  0x0000023e28786800 JavaThread "Unconstrained build operations Thread 5" [_thread_blocked, id=17108, stack(0x000000a62a800000,0x000000a62a900000)]
  0x0000023e28786000 JavaThread "Unconstrained build operations Thread 6" [_thread_blocked, id=16908, stack(0x000000a62a900000,0x000000a62aa00000)]
  0x0000023e28783800 JavaThread "Unconstrained build operations Thread 7" [_thread_blocked, id=17376, stack(0x000000a62aa00000,0x000000a62ab00000)]
  0x0000023e28787800 JavaThread "Unconstrained build operations Thread 8" [_thread_blocked, id=25052, stack(0x000000a62ab00000,0x000000a62ac00000)]
  0x0000023e28788800 JavaThread "Unconstrained build operations Thread 9" [_thread_blocked, id=7312, stack(0x000000a62ac00000,0x000000a62ad00000)]
  0x0000023e28784000 JavaThread "Unconstrained build operations Thread 10" [_thread_blocked, id=17960, stack(0x000000a62ad00000,0x000000a62ae00000)]
  0x0000023e28782800 JavaThread "Unconstrained build operations Thread 11" [_thread_blocked, id=24148, stack(0x000000a62ae00000,0x000000a62af00000)]
  0x0000023e28789000 JavaThread "Unconstrained build operations Thread 12" [_thread_blocked, id=12940, stack(0x000000a62af00000,0x000000a62b000000)]
  0x0000023e28865000 JavaThread "Unconstrained build operations Thread 13" [_thread_blocked, id=18988, stack(0x000000a62b000000,0x000000a62b100000)]
  0x0000023e28864000 JavaThread "Unconstrained build operations Thread 14" [_thread_blocked, id=24212, stack(0x000000a62b100000,0x000000a62b200000)]
  0x0000023e28863800 JavaThread "Unconstrained build operations Thread 15" [_thread_blocked, id=15268, stack(0x000000a62b200000,0x000000a62b300000)]
  0x0000023e28861000 JavaThread "Unconstrained build operations Thread 16" [_thread_blocked, id=588, stack(0x000000a62b300000,0x000000a62b400000)]
  0x0000023e28862800 JavaThread "Unconstrained build operations Thread 17" [_thread_blocked, id=23716, stack(0x000000a62b400000,0x000000a62b500000)]
  0x0000023e28866000 JavaThread "Unconstrained build operations Thread 18" [_thread_blocked, id=7952, stack(0x000000a62b500000,0x000000a62b600000)]
  0x0000023e28860000 JavaThread "Unconstrained build operations Thread 19" [_thread_blocked, id=14476, stack(0x000000a62b600000,0x000000a62b700000)]
  0x0000023e28866800 JavaThread "Unconstrained build operations Thread 20" [_thread_blocked, id=25256, stack(0x000000a62b700000,0x000000a62b800000)]
  0x0000023e28867800 JavaThread "Unconstrained build operations Thread 21" [_thread_blocked, id=14736, stack(0x000000a62b800000,0x000000a62b900000)]
  0x0000023e28862000 JavaThread "Unconstrained build operations Thread 22" [_thread_blocked, id=4036, stack(0x000000a62b900000,0x000000a62ba00000)]
  0x0000023e28869000 JavaThread "Unconstrained build operations Thread 23" [_thread_blocked, id=2036, stack(0x000000a62ba00000,0x000000a62bb00000)]
  0x0000023e28868800 JavaThread "Unconstrained build operations Thread 24" [_thread_blocked, id=17348, stack(0x000000a62bb00000,0x000000a62bc00000)]
  0x0000023e2886a800 JavaThread "Unconstrained build operations Thread 25" [_thread_blocked, id=5880, stack(0x000000a62bc00000,0x000000a62bd00000)]
  0x0000023e2886f000 JavaThread "Unconstrained build operations Thread 26" [_thread_blocked, id=18292, stack(0x000000a62bd00000,0x000000a62be00000)]
  0x0000023e2886a000 JavaThread "Unconstrained build operations Thread 27" [_thread_blocked, id=25092, stack(0x000000a62be00000,0x000000a62bf00000)]
  0x0000023e2886b800 JavaThread "Unconstrained build operations Thread 28" [_thread_blocked, id=11804, stack(0x000000a62bf00000,0x000000a62c000000)]
  0x0000023e2886c800 JavaThread "Unconstrained build operations Thread 29" [_thread_blocked, id=11504, stack(0x000000a62c000000,0x000000a62c100000)]
  0x0000023e2886e000 JavaThread "Unconstrained build operations Thread 30" [_thread_blocked, id=2592, stack(0x000000a62c100000,0x000000a62c200000)]
  0x0000023e2886d000 JavaThread "Unconstrained build operations Thread 31" [_thread_blocked, id=26296, stack(0x000000a62c200000,0x000000a62c300000)]
  0x0000023e26f7a000 JavaThread "Unconstrained build operations Thread 32" [_thread_blocked, id=26368, stack(0x000000a62c300000,0x000000a62c400000)]
  0x0000023e26f79000 JavaThread "Unconstrained build operations Thread 33" [_thread_blocked, id=19832, stack(0x000000a62c400000,0x000000a62c500000)]
  0x0000023e26f75000 JavaThread "Unconstrained build operations Thread 34" [_thread_blocked, id=18048, stack(0x000000a62c500000,0x000000a62c600000)]
  0x0000023e26f76000 JavaThread "Unconstrained build operations Thread 35" [_thread_blocked, id=1500, stack(0x000000a62c600000,0x000000a62c700000)]
  0x0000023e26f74800 JavaThread "Unconstrained build operations Thread 36" [_thread_blocked, id=1772, stack(0x000000a62c700000,0x000000a62c800000)]
  0x0000023e26f7b800 JavaThread "Unconstrained build operations Thread 37" [_thread_blocked, id=24868, stack(0x000000a62c800000,0x000000a62c900000)]
  0x0000023e26f78800 JavaThread "Unconstrained build operations Thread 38" [_thread_blocked, id=26144, stack(0x000000a62c900000,0x000000a62ca00000)]
  0x0000023e26f7c800 JavaThread "Unconstrained build operations Thread 39" [_thread_blocked, id=19764, stack(0x000000a62ca00000,0x000000a62cb00000)]
  0x0000023e26f77800 JavaThread "Unconstrained build operations Thread 40" [_thread_blocked, id=2252, stack(0x000000a62cb00000,0x000000a62cc00000)]
  0x0000023e26f7b000 JavaThread "Unconstrained build operations Thread 41" [_thread_blocked, id=17140, stack(0x000000a62cc00000,0x000000a62cd00000)]
  0x0000023e26f76800 JavaThread "Unconstrained build operations Thread 42" [_thread_blocked, id=18648, stack(0x000000a62cd00000,0x000000a62ce00000)]
  0x0000023e26f7e000 JavaThread "Unconstrained build operations Thread 43" [_thread_blocked, id=19376, stack(0x000000a62ce00000,0x000000a62cf00000)]
  0x0000023e26f81800 JavaThread "Unconstrained build operations Thread 44" [_thread_blocked, id=15632, stack(0x000000a62cf00000,0x000000a62d000000)]
  0x0000023e26f82000 JavaThread "Unconstrained build operations Thread 45" [_thread_blocked, id=20568, stack(0x000000a62d000000,0x000000a62d100000)]
  0x0000023e26f7f000 JavaThread "Unconstrained build operations Thread 46" [_thread_blocked, id=4512, stack(0x000000a62d100000,0x000000a62d200000)]
  0x0000023e26f7f800 JavaThread "Unconstrained build operations Thread 47" [_thread_blocked, id=5812, stack(0x000000a62d200000,0x000000a62d300000)]
  0x0000023e26f83000 JavaThread "Unconstrained build operations Thread 48" [_thread_blocked, id=26036, stack(0x000000a62d300000,0x000000a62d400000)]
  0x0000023e26f7d800 JavaThread "Unconstrained build operations Thread 49" [_thread_blocked, id=3712, stack(0x000000a62d400000,0x000000a62d500000)]
  0x0000023e26f80800 JavaThread "Unconstrained build operations Thread 50" [_thread_blocked, id=4760, stack(0x000000a62d500000,0x000000a62d600000)]
  0x0000023e26c07000 JavaThread "Unconstrained build operations Thread 51" [_thread_blocked, id=20440, stack(0x000000a62d600000,0x000000a62d700000)]
  0x0000023e26c09800 JavaThread "Unconstrained build operations Thread 52" [_thread_blocked, id=13532, stack(0x000000a62d700000,0x000000a62d800000)]
  0x0000023e26c0a800 JavaThread "Unconstrained build operations Thread 53" [_thread_blocked, id=25756, stack(0x000000a62d800000,0x000000a62d900000)]
  0x0000023e26c05800 JavaThread "Unconstrained build operations Thread 54" [_thread_blocked, id=24224, stack(0x000000a62d900000,0x000000a62da00000)]
  0x0000023e26c04800 JavaThread "Unconstrained build operations Thread 55" [_thread_blocked, id=18344, stack(0x000000a62da00000,0x000000a62db00000)]
  0x0000023e26c08000 JavaThread "Unconstrained build operations Thread 56" [_thread_blocked, id=2788, stack(0x000000a62db00000,0x000000a62dc00000)]
  0x0000023e26c0b000 JavaThread "Unconstrained build operations Thread 57" [_thread_blocked, id=24472, stack(0x000000a62dc00000,0x000000a62dd00000)]
  0x0000023e26c0c000 JavaThread "Unconstrained build operations Thread 58" [_thread_blocked, id=24080, stack(0x000000a62dd00000,0x000000a62de00000)]
  0x0000023e26c06800 JavaThread "Unconstrained build operations Thread 59" [_thread_blocked, id=22348, stack(0x000000a62de00000,0x000000a62df00000)]
  0x0000023e26c0d000 JavaThread "Unconstrained build operations Thread 60" [_thread_blocked, id=25060, stack(0x000000a62df00000,0x000000a62e000000)]
  0x0000023e26c0d800 JavaThread "Unconstrained build operations Thread 61" [_thread_blocked, id=26192, stack(0x000000a62e000000,0x000000a62e100000)]
  0x0000023e26c0e800 JavaThread "Unconstrained build operations Thread 62" [_thread_blocked, id=23724, stack(0x000000a62e100000,0x000000a62e200000)]
  0x0000023e26c09000 JavaThread "Unconstrained build operations Thread 63" [_thread_blocked, id=4132, stack(0x000000a62e200000,0x000000a62e300000)]
  0x0000023e26c0f800 JavaThread "Unconstrained build operations Thread 64" [_thread_blocked, id=9676, stack(0x000000a62e300000,0x000000a62e400000)]
  0x0000023e26c10000 JavaThread "Unconstrained build operations Thread 65" [_thread_blocked, id=9572, stack(0x000000a62e400000,0x000000a62e500000)]
  0x0000023e26c11000 JavaThread "Unconstrained build operations Thread 66" [_thread_blocked, id=16796, stack(0x000000a62e500000,0x000000a62e600000)]
  0x0000023e26c12000 JavaThread "Unconstrained build operations Thread 67" [_thread_blocked, id=24900, stack(0x000000a62e600000,0x000000a62e700000)]
  0x0000023e26c12800 JavaThread "Unconstrained build operations Thread 68" [_thread_blocked, id=18964, stack(0x000000a62e700000,0x000000a62e800000)]
  0x0000023e26c13800 JavaThread "Unconstrained build operations Thread 69" [_thread_blocked, id=16660, stack(0x000000a62e800000,0x000000a62e900000)]
  0x0000023e2acd3800 JavaThread "Unconstrained build operations Thread 70" [_thread_blocked, id=18012, stack(0x000000a62e900000,0x000000a62ea00000)]
  0x0000023e2acd0000 JavaThread "Unconstrained build operations Thread 71" [_thread_blocked, id=12928, stack(0x000000a62ea00000,0x000000a62eb00000)]
  0x0000023e2acd4000 JavaThread "Unconstrained build operations Thread 72" [_thread_blocked, id=8744, stack(0x000000a62eb00000,0x000000a62ec00000)]
  0x0000023e2acd1800 JavaThread "Unconstrained build operations Thread 73" [_thread_blocked, id=19640, stack(0x000000a62ec00000,0x000000a62ed00000)]
  0x0000023e2acd2800 JavaThread "Unconstrained build operations Thread 74" [_thread_blocked, id=12244, stack(0x000000a62ed00000,0x000000a62ee00000)]
  0x0000023e2acd5000 JavaThread "Unconstrained build operations Thread 75" [_thread_blocked, id=21024, stack(0x000000a62ee00000,0x000000a62ef00000)]
  0x0000023e2accf800 JavaThread "Unconstrained build operations Thread 76" [_thread_blocked, id=22588, stack(0x000000a62ef00000,0x000000a62f000000)]
  0x0000023e2acd6000 JavaThread "Unconstrained build operations Thread 77" [_thread_blocked, id=14636, stack(0x000000a62f000000,0x000000a62f100000)]
  0x0000023e2acd6800 JavaThread "Unconstrained build operations Thread 78" [_thread_blocked, id=17012, stack(0x000000a62f100000,0x000000a62f200000)]
  0x0000023e2acd1000 JavaThread "Unconstrained build operations Thread 79" [_thread_blocked, id=22212, stack(0x000000a62f200000,0x000000a62f300000)]
  0x0000023e2acda000 JavaThread "Unconstrained build operations Thread 80" [_thread_blocked, id=6796, stack(0x000000a62f300000,0x000000a62f400000)]
  0x0000023e2acd9000 JavaThread "Memory manager" [_thread_blocked, id=24428, stack(0x000000a62f600000,0x000000a62f700000)]
  0x0000023e2acda800 JavaThread "build event listener" [_thread_blocked, id=2236, stack(0x000000a62f700000,0x000000a62f800000)]
  0x0000023e2c5ab800 JavaThread "Cache worker for execution history cache (C:\Netology\fmh_android_15_03_24\.gradle\7.2\executionHistory)" [_thread_blocked, id=4536, stack(0x000000a62ff00000,0x000000a630000000)]
  0x0000023e2c5ac800 JavaThread "idea-tooling-model-converter" [_thread_blocked, id=18872, stack(0x000000a62f800000,0x000000a62f900000)]

Other Threads:
=>0x0000023e23a63000 VMThread "VM Thread" [stack: 0x000000a627100000,0x000000a627200000] [id=15876]
  0x0000023e24587800 WatcherThread [stack: 0x000000a627b00000,0x000000a627c00000] [id=9824]
  0x0000023e0495b800 GCTaskThread "GC Thread#0" [stack: 0x000000a626c00000,0x000000a626d00000] [id=15460]
  0x0000023e25077800 GCTaskThread "GC Thread#1" [stack: 0x000000a627c00000,0x000000a627d00000] [id=25228]
  0x0000023e255aa800 GCTaskThread "GC Thread#2" [stack: 0x000000a628700000,0x000000a628800000] [id=4216]
  0x0000023e26691800 GCTaskThread "GC Thread#3" [stack: 0x000000a628800000,0x000000a628900000] [id=8716]
  0x0000023e2476f800 GCTaskThread "GC Thread#4" [stack: 0x000000a628900000,0x000000a628a00000] [id=8364]
  0x0000023e251b4800 GCTaskThread "GC Thread#5" [stack: 0x000000a628a00000,0x000000a628b00000] [id=24072]
  0x0000023e263ed800 GCTaskThread "GC Thread#6" [stack: 0x000000a628b00000,0x000000a628c00000] [id=23188]
  0x0000023e255a5000 GCTaskThread "GC Thread#7" [stack: 0x000000a628c00000,0x000000a628d00000] [id=25388]
  0x0000023e0498e000 ConcurrentGCThread "G1 Main Marker" [stack: 0x000000a626d00000,0x000000a626e00000] [id=15972]
  0x0000023e04990000 ConcurrentGCThread "G1 Conc#0" [stack: 0x000000a626e00000,0x000000a626f00000] [id=23296]
  0x0000023e267bb000 ConcurrentGCThread "G1 Conc#1" [stack: 0x000000a628f00000,0x000000a629000000] [id=2624]
  0x0000023e04a0e000 ConcurrentGCThread "G1 Refine#0" [stack: 0x000000a626f00000,0x000000a627000000] [id=22440]
  0x0000023e238b0800 ConcurrentGCThread "G1 Young RemSet Sampling" [stack: 0x000000a627000000,0x000000a627100000] [id=22008]

Threads with active compile tasks:
C2 CompilerThread0    70720 14022 %     4       org.objectweb.asm.ClassReader::readCode @ 71 (5089 bytes)

VM state:at safepoint (normal execution)

VM Mutex/Monitor currently owned by a thread:  ([mutex/lock_event])
[0x0000023e0493e180] Threads_lock - owner thread: 0x0000023e23a63000
[0x0000023e0493f380] Heap_lock - owner thread: 0x0000023e2acd1000

Heap address: 0x0000000080000000, size: 2048 MB, Compressed Oops mode: 32-bit
Narrow klass base: 0x0000000000000000, Narrow klass shift: 3
Compressed class space size: 1073741824 Address: 0x0000000100000000

Heap:
 garbage-first heap   total 440320K, used 154215K [0x0000000080000000, 0x0000000100000000)
  region size 1024K, 4 young (4096K), 4 survivors (4096K)
 Metaspace       used 102488K, capacity 105350K, committed 106192K, reserved 1140736K
  class space    used 12884K, capacity 13881K, committed 14208K, reserved 1048576K
Heap Regions: E=young(eden), S=young(survivor), O=old, HS=humongous(starts), HC=humongous(continues), CS=collection set, F=free, A=archive, TAMS=top-at-mark-start (previous, next)
|   0|0x0000000080000000, 0x0000000080100000, 0x0000000080100000|100%| O|  |TAMS 0x0000000080100000, 0x0000000080000000| Untracked 
|   1|0x0000000080100000, 0x0000000080200000, 0x0000000080200000|100%| O|  |TAMS 0x0000000080200000, 0x0000000080100000| Untracked 
|   2|0x0000000080200000, 0x0000000080300000, 0x0000000080300000|100%| O|  |TAMS 0x0000000080300000, 0x0000000080200000| Untracked 
|   3|0x0000000080300000, 0x0000000080400000, 0x0000000080400000|100%|HS|  |TAMS 0x0000000080400000, 0x0000000080300000| Complete 
|   4|0x0000000080400000, 0x0000000080500000, 0x0000000080500000|100%|HC|  |TAMS 0x0000000080500000, 0x0000000080400000| Complete 
|   5|0x0000000080500000, 0x0000000080600000, 0x0000000080600000|100%|HC|  |TAMS 0x0000000080600000, 0x0000000080500000| Complete 
|   6|0x0000000080600000, 0x0000000080700000, 0x0000000080700000|100%| O|  |TAMS 0x0000000080700000, 0x0000000080600000| Untracked 
|   7|0x0000000080700000, 0x0000000080800000, 0x0000000080800000|100%| O|  |TAMS 0x0000000080800000, 0x0000000080700000| Untracked 
|   8|0x0000000080800000, 0x0000000080900000, 0x0000000080900000|100%| O|  |TAMS 0x0000000080900000, 0x0000000080800000| Untracked 
|   9|0x0000000080900000, 0x0000000080a00000, 0x0000000080a00000|100%| O|  |TAMS 0x0000000080a00000, 0x0000000080900000| Untracked 
|  10|0x0000000080a00000, 0x0000000080b00000, 0x0000000080b00000|100%| O|  |TAMS 0x0000000080b00000, 0x0000000080a00000| Untracked 
|  11|0x0000000080b00000, 0x0000000080c00000, 0x0000000080c00000|100%| O|  |TAMS 0x0000000080c00000, 0x0000000080b00000| Untracked 
|  12|0x0000000080c00000, 0x0000000080d00000, 0x0000000080d00000|100%| O|  |TAMS 0x0000000080d00000, 0x0000000080c00000| Untracked 
|  13|0x0000000080d00000, 0x0000000080e00000, 0x0000000080e00000|100%| O|  |TAMS 0x0000000080e00000, 0x0000000080d00000| Untracked 
|  14|0x0000000080e00000, 0x0000000080f00000, 0x0000000080f00000|100%| O|  |TAMS 0x0000000080f00000, 0x0000000080e00000| Untracked 
|  15|0x0000000080f00000, 0x0000000081000000, 0x0000000081000000|100%| O|  |TAMS 0x0000000081000000, 0x0000000080f00000| Untracked 
|  16|0x0000000081000000, 0x0000000081100000, 0x0000000081100000|100%|HS|  |TAMS 0x0000000081100000, 0x0000000081000000| Complete 
|  17|0x0000000081100000, 0x0000000081200000, 0x0000000081200000|100%|HC|  |TAMS 0x0000000081200000, 0x0000000081100000| Complete 
|  18|0x0000000081200000, 0x0000000081300000, 0x0000000081300000|100%|HC|  |TAMS 0x0000000081300000, 0x0000000081200000| Complete 
|  19|0x0000000081300000, 0x0000000081400000, 0x0000000081400000|100%|HC|  |TAMS 0x0000000081400000, 0x0000000081300000| Complete 
|  20|0x0000000081400000, 0x0000000081500000, 0x0000000081500000|100%|HC|  |TAMS 0x0000000081500000, 0x0000000081400000| Complete 
|  21|0x0000000081500000, 0x0000000081600000, 0x0000000081600000|100%|HC|  |TAMS 0x0000000081600000, 0x0000000081500000| Complete 
|  22|0x0000000081600000, 0x0000000081700000, 0x0000000081700000|100%|HS|  |TAMS 0x0000000081700000, 0x0000000081600000| Complete 
|  23|0x0000000081700000, 0x0000000081800000, 0x0000000081800000|100%|HC|  |TAMS 0x0000000081800000, 0x0000000081700000| Complete 
|  24|0x0000000081800000, 0x0000000081900000, 0x0000000081900000|100%|HC|  |TAMS 0x0000000081900000, 0x0000000081800000| Complete 
|  25|0x0000000081900000, 0x0000000081a00000, 0x0000000081a00000|100%|HS|  |TAMS 0x0000000081a00000, 0x0000000081900000| Complete 
|  26|0x0000000081a00000, 0x0000000081b00000, 0x0000000081b00000|100%|HC|  |TAMS 0x0000000081b00000, 0x0000000081a00000| Complete 
|  27|0x0000000081b00000, 0x0000000081c00000, 0x0000000081c00000|100%|HS|  |TAMS 0x0000000081c00000, 0x0000000081b00000| Complete 
|  28|0x0000000081c00000, 0x0000000081d00000, 0x0000000081d00000|100%| O|  |TAMS 0x0000000081d00000, 0x0000000081c00000| Untracked 
|  29|0x0000000081d00000, 0x0000000081e00000, 0x0000000081e00000|100%| O|  |TAMS 0x0000000081e00000, 0x0000000081d00000| Untracked 
|  30|0x0000000081e00000, 0x0000000081f00000, 0x0000000081f00000|100%| O|  |TAMS 0x0000000081f00000, 0x0000000081e00000| Untracked 
|  31|0x0000000081f00000, 0x0000000082000000, 0x0000000082000000|100%| O|  |TAMS 0x0000000082000000, 0x0000000081f00000| Untracked 
|  32|0x0000000082000000, 0x0000000082100000, 0x0000000082100000|100%| O|  |TAMS 0x0000000082100000, 0x0000000082000000| Untracked 
|  33|0x0000000082100000, 0x0000000082200000, 0x0000000082200000|100%| O|  |TAMS 0x0000000082200000, 0x0000000082100000| Untracked 
|  34|0x0000000082200000, 0x0000000082300000, 0x0000000082300000|100%| O|  |TAMS 0x0000000082300000, 0x0000000082200000| Untracked 
|  35|0x0000000082300000, 0x0000000082400000, 0x0000000082400000|100%| O|  |TAMS 0x0000000082400000, 0x0000000082300000| Untracked 
|  36|0x0000000082400000, 0x0000000082500000, 0x0000000082500000|100%| O|  |TAMS 0x0000000082500000, 0x0000000082400000| Untracked 
|  37|0x0000000082500000, 0x0000000082600000, 0x0000000082600000|100%| O|  |TAMS 0x0000000082600000, 0x0000000082500000| Untracked 
|  38|0x0000000082600000, 0x0000000082700000, 0x0000000082700000|100%| O|  |TAMS 0x0000000082700000, 0x0000000082600000| Untracked 
|  39|0x0000000082700000, 0x0000000082800000, 0x0000000082800000|100%| O|  |TAMS 0x0000000082800000, 0x0000000082700000| Untracked 
|  40|0x0000000082800000, 0x0000000082900000, 0x0000000082900000|100%| O|  |TAMS 0x0000000082900000, 0x0000000082800000| Untracked 
|  41|0x0000000082900000, 0x0000000082a00000, 0x0000000082a00000|100%| O|  |TAMS 0x0000000082a00000, 0x0000000082900000| Untracked 
|  42|0x0000000082a00000, 0x0000000082b00000, 0x0000000082b00000|100%| O|  |TAMS 0x0000000082b00000, 0x0000000082a00000| Untracked 
|  43|0x0000000082b00000, 0x0000000082c00000, 0x0000000082c00000|100%| O|  |TAMS 0x0000000082c00000, 0x0000000082b00000| Untracked 
|  44|0x0000000082c00000, 0x0000000082d00000, 0x0000000082d00000|100%| O|  |TAMS 0x0000000082d00000, 0x0000000082c00000| Untracked 
|  45|0x0000000082d00000, 0x0000000082e00000, 0x0000000082e00000|100%| O|  |TAMS 0x0000000082e00000, 0x0000000082d00000| Untracked 
|  46|0x0000000082e00000, 0x0000000082f00000, 0x0000000082f00000|100%| O|  |TAMS 0x0000000082f00000, 0x0000000082e00000| Untracked 
|  47|0x0000000082f00000, 0x0000000083000000, 0x0000000083000000|100%|HS|  |TAMS 0x0000000083000000, 0x0000000082f00000| Complete 
|  48|0x0000000083000000, 0x0000000083100000, 0x0000000083100000|100%|HC|  |TAMS 0x0000000083100000, 0x0000000083000000| Complete 
|  49|0x0000000083100000, 0x0000000083200000, 0x0000000083200000|100%| O|  |TAMS 0x0000000083200000, 0x0000000083100000| Untracked 
|  50|0x0000000083200000, 0x0000000083300000, 0x0000000083300000|100%| O|  |TAMS 0x0000000083300000, 0x0000000083200000| Untracked 
|  51|0x0000000083300000, 0x0000000083400000, 0x0000000083400000|100%| O|  |TAMS 0x0000000083400000, 0x0000000083300000| Untracked 
|  52|0x0000000083400000, 0x0000000083500000, 0x0000000083500000|100%| O|  |TAMS 0x0000000083500000, 0x0000000083400000| Untracked 
|  53|0x0000000083500000, 0x0000000083600000, 0x0000000083600000|100%| O|  |TAMS 0x0000000083600000, 0x0000000083500000| Untracked 
|  54|0x0000000083600000, 0x0000000083700000, 0x0000000083700000|100%| O|  |TAMS 0x0000000083700000, 0x0000000083600000| Untracked 
|  55|0x0000000083700000, 0x0000000083800000, 0x0000000083800000|100%| O|  |TAMS 0x0000000083800000, 0x0000000083700000| Untracked 
|  56|0x0000000083800000, 0x0000000083900000, 0x0000000083900000|100%| O|  |TAMS 0x0000000083900000, 0x0000000083800000| Untracked 
|  57|0x0000000083900000, 0x0000000083a00000, 0x0000000083a00000|100%| O|  |TAMS 0x0000000083a00000, 0x0000000083900000| Untracked 
|  58|0x0000000083a00000, 0x0000000083b00000, 0x0000000083b00000|100%| O|  |TAMS 0x0000000083b00000, 0x0000000083a00000| Untracked 
|  59|0x0000000083b00000, 0x0000000083c00000, 0x0000000083c00000|100%| O|  |TAMS 0x0000000083c00000, 0x0000000083b00000| Untracked 
|  60|0x0000000083c00000, 0x0000000083d00000, 0x0000000083d00000|100%|HS|  |TAMS 0x0000000083d00000, 0x0000000083c00000| Complete 
|  61|0x0000000083d00000, 0x0000000083e00000, 0x0000000083e00000|100%|HC|  |TAMS 0x0000000083e00000, 0x0000000083d00000| Complete 
|  62|0x0000000083e00000, 0x0000000083f00000, 0x0000000083f00000|100%|HC|  |TAMS 0x0000000083f00000, 0x0000000083e00000| Complete 
|  63|0x0000000083f00000, 0x0000000084000000, 0x0000000084000000|100%|HC|  |TAMS 0x0000000084000000, 0x0000000083f00000| Complete 
|  64|0x0000000084000000, 0x0000000084100000, 0x0000000084100000|100%|HC|  |TAMS 0x0000000084100000, 0x0000000084000000| Complete 
|  65|0x0000000084100000, 0x0000000084200000, 0x0000000084200000|100%|HC|  |TAMS 0x0000000084200000, 0x0000000084100000| Complete 
|  66|0x0000000084200000, 0x0000000084300000, 0x0000000084300000|100%|HS|  |TAMS 0x0000000084300000, 0x0000000084200000| Complete 
|  67|0x0000000084300000, 0x0000000084400000, 0x0000000084400000|100%| O|  |TAMS 0x0000000084400000, 0x0000000084300000| Untracked 
|  68|0x0000000084400000, 0x0000000084500000, 0x0000000084500000|100%| O|  |TAMS 0x0000000084500000, 0x0000000084400000| Untracked 
|  69|0x0000000084500000, 0x0000000084600000, 0x0000000084600000|100%| O|  |TAMS 0x0000000084600000, 0x0000000084500000| Untracked 
|  70|0x0000000084600000, 0x0000000084700000, 0x0000000084700000|100%| O|  |TAMS 0x0000000084700000, 0x0000000084600000| Untracked 
|  71|0x0000000084700000, 0x0000000084800000, 0x0000000084800000|100%| O|  |TAMS 0x0000000084800000, 0x0000000084700000| Untracked 
|  72|0x0000000084800000, 0x0000000084900000, 0x0000000084900000|100%| O|  |TAMS 0x0000000084900000, 0x0000000084800000| Untracked 
|  73|0x0000000084900000, 0x0000000084a00000, 0x0000000084a00000|100%|HS|  |TAMS 0x0000000084a00000, 0x0000000084900000| Complete 
|  74|0x0000000084a00000, 0x0000000084b00000, 0x0000000084b00000|100%|HS|  |TAMS 0x0000000084b00000, 0x0000000084a00000| Complete 
|  75|0x0000000084b00000, 0x0000000084c00000, 0x0000000084c00000|100%|HS|  |TAMS 0x0000000084c00000, 0x0000000084b00000| Complete 
|  76|0x0000000084c00000, 0x0000000084d00000, 0x0000000084d00000|100%|HS|  |TAMS 0x0000000084d00000, 0x0000000084c00000| Complete 
|  77|0x0000000084d00000, 0x0000000084e00000, 0x0000000084e00000|100%|HC|  |TAMS 0x0000000084e00000, 0x0000000084d00000| Complete 
|  78|0x0000000084e00000, 0x0000000084f00000, 0x0000000084f00000|100%|HC|  |TAMS 0x0000000084f00000, 0x0000000084e00000| Complete 
|  79|0x0000000084f00000, 0x0000000085000000, 0x0000000085000000|100%|HS|  |TAMS 0x0000000085000000, 0x0000000084f00000| Complete 
|  80|0x0000000085000000, 0x0000000085100000, 0x0000000085100000|100%|HC|  |TAMS 0x0000000085100000, 0x0000000085000000| Complete 
|  81|0x0000000085100000, 0x0000000085200000, 0x0000000085200000|100%| O|  |TAMS 0x0000000085200000, 0x0000000085100000| Untracked 
|  82|0x0000000085200000, 0x0000000085300000, 0x0000000085300000|100%| O|  |TAMS 0x0000000085300000, 0x0000000085200000| Untracked 
|  83|0x0000000085300000, 0x0000000085400000, 0x0000000085400000|100%| O|  |TAMS 0x0000000085400000, 0x0000000085300000| Untracked 
|  84|0x0000000085400000, 0x0000000085500000, 0x0000000085500000|100%| O|  |TAMS 0x0000000085500000, 0x0000000085400000| Untracked 
|  85|0x0000000085500000, 0x0000000085600000, 0x0000000085600000|100%| O|  |TAMS 0x0000000085600000, 0x0000000085500000| Untracked 
|  86|0x0000000085600000, 0x0000000085700000, 0x0000000085700000|100%| O|  |TAMS 0x0000000085700000, 0x0000000085600000| Untracked 
|  87|0x0000000085700000, 0x0000000085800000, 0x0000000085800000|100%| O|  |TAMS 0x0000000085800000, 0x0000000085700000| Untracked 
|  88|0x0000000085800000, 0x0000000085900000, 0x0000000085900000|100%| O|  |TAMS 0x0000000085900000, 0x0000000085800000| Untracked 
|  89|0x0000000085900000, 0x0000000085a00000, 0x0000000085a00000|100%| O|  |TAMS 0x0000000085a00000, 0x0000000085900000| Untracked 
|  90|0x0000000085a00000, 0x0000000085b00000, 0x0000000085b00000|100%| O|  |TAMS 0x0000000085b00000, 0x0000000085a00000| Untracked 
|  91|0x0000000085b00000, 0x0000000085c00000, 0x0000000085c00000|100%| O|  |TAMS 0x0000000085c00000, 0x0000000085b00000| Untracked 
|  92|0x0000000085c00000, 0x0000000085d00000, 0x0000000085d00000|100%| O|  |TAMS 0x0000000085d00000, 0x0000000085c00000| Untracked 
|  93|0x0000000085d00000, 0x0000000085e00000, 0x0000000085e00000|100%| O|  |TAMS 0x0000000085e00000, 0x0000000085d00000| Untracked 
|  94|0x0000000085e00000, 0x0000000085f00000, 0x0000000085f00000|100%| O|  |TAMS 0x0000000085f00000, 0x0000000085e00000| Untracked 
|  95|0x0000000085f00000, 0x0000000086000000, 0x0000000086000000|100%| O|  |TAMS 0x0000000086000000, 0x0000000085f00000| Untracked 
|  96|0x0000000086000000, 0x0000000086100000, 0x0000000086100000|100%| O|  |TAMS 0x0000000086100000, 0x0000000086000000| Untracked 
|  97|0x0000000086100000, 0x0000000086200000, 0x0000000086200000|100%| O|  |TAMS 0x0000000086200000, 0x0000000086100000| Untracked 
|  98|0x0000000086200000, 0x0000000086300000, 0x0000000086300000|100%| O|  |TAMS 0x0000000086300000, 0x0000000086200000| Untracked 
|  99|0x0000000086300000, 0x0000000086400000, 0x0000000086400000|100%| O|  |TAMS 0x0000000086400000, 0x0000000086300000| Untracked 
| 100|0x0000000086400000, 0x0000000086500000, 0x0000000086500000|100%| O|  |TAMS 0x0000000086500000, 0x0000000086400000| Untracked 
| 101|0x0000000086500000, 0x0000000086600000, 0x0000000086600000|100%| O|  |TAMS 0x0000000086600000, 0x0000000086500000| Untracked 
| 102|0x0000000086600000, 0x0000000086700000, 0x0000000086700000|100%| O|  |TAMS 0x0000000086700000, 0x0000000086600000| Untracked 
| 103|0x0000000086700000, 0x0000000086800000, 0x0000000086800000|100%|HS|  |TAMS 0x0000000086800000, 0x0000000086700000| Complete 
| 104|0x0000000086800000, 0x0000000086900000, 0x0000000086900000|100%|HC|  |TAMS 0x0000000086900000, 0x0000000086800000| Complete 
| 105|0x0000000086900000, 0x0000000086a00000, 0x0000000086a00000|100%|HC|  |TAMS 0x0000000086a00000, 0x0000000086900000| Complete 
| 106|0x0000000086a00000, 0x0000000086b00000, 0x0000000086b00000|100%|HC|  |TAMS 0x0000000086b00000, 0x0000000086a00000| Complete 
| 107|0x0000000086b00000, 0x0000000086c00000, 0x0000000086c00000|100%|HC|  |TAMS 0x0000000086c00000, 0x0000000086b00000| Complete 
| 108|0x0000000086c00000, 0x0000000086d00000, 0x0000000086d00000|100%|HC|  |TAMS 0x0000000086d00000, 0x0000000086c00000| Complete 
| 109|0x0000000086d00000, 0x0000000086e00000, 0x0000000086e00000|100%|HS|  |TAMS 0x0000000086e00000, 0x0000000086d00000| Complete 
| 110|0x0000000086e00000, 0x0000000086f00000, 0x0000000086f00000|100%|HC|  |TAMS 0x0000000086f00000, 0x0000000086e00000| Complete 
| 111|0x0000000086f00000, 0x0000000087000000, 0x0000000087000000|100%|HC|  |TAMS 0x0000000087000000, 0x0000000086f00000| Complete 
| 112|0x0000000087000000, 0x0000000087100000, 0x0000000087100000|100%|HS|  |TAMS 0x0000000087100000, 0x0000000087000000| Complete 
| 113|0x0000000087100000, 0x0000000087200000, 0x0000000087200000|100%|HC|  |TAMS 0x0000000087200000, 0x0000000087100000| Complete 
| 114|0x0000000087200000, 0x0000000087300000, 0x0000000087300000|100%| O|  |TAMS 0x0000000087300000, 0x0000000087200000| Untracked 
| 115|0x0000000087300000, 0x0000000087400000, 0x0000000087400000|100%| O|  |TAMS 0x0000000087400000, 0x0000000087300000| Untracked 
| 116|0x0000000087400000, 0x0000000087500000, 0x0000000087500000|100%|HS|  |TAMS 0x0000000087500000, 0x0000000087400000| Complete 
| 117|0x0000000087500000, 0x0000000087600000, 0x0000000087600000|100%| O|  |TAMS 0x0000000087600000, 0x0000000087500000| Untracked 
| 118|0x0000000087600000, 0x0000000087700000, 0x0000000087700000|100%| O|  |TAMS 0x0000000087700000, 0x0000000087600000| Untracked 
| 119|0x0000000087700000, 0x0000000087800000, 0x0000000087800000|100%| O|  |TAMS 0x0000000087800000, 0x0000000087700000| Untracked 
| 120|0x0000000087800000, 0x0000000087900000, 0x0000000087900000|100%| O|  |TAMS 0x0000000087900000, 0x0000000087800000| Untracked 
| 121|0x0000000087900000, 0x0000000087a00000, 0x0000000087a00000|100%| O|  |TAMS 0x0000000087a00000, 0x0000000087900000| Untracked 
| 122|0x0000000087a00000, 0x0000000087b00000, 0x0000000087b00000|100%| O|  |TAMS 0x0000000087b00000, 0x0000000087a00000| Untracked 
| 123|0x0000000087b00000, 0x0000000087c00000, 0x0000000087c00000|100%| O|  |TAMS 0x0000000087c00000, 0x0000000087b00000| Untracked 
| 124|0x0000000087c00000, 0x0000000087d00000, 0x0000000087d00000|100%| O|  |TAMS 0x0000000087d00000, 0x0000000087c00000| Untracked 
| 125|0x0000000087d00000, 0x0000000087e00000, 0x0000000087e00000|100%| O|  |TAMS 0x0000000087e00000, 0x0000000087d00000| Untracked 
| 126|0x0000000087e00000, 0x0000000087f00000, 0x0000000087f00000|100%| O|  |TAMS 0x0000000087f00000, 0x0000000087e00000| Untracked 
| 127|0x0000000087f00000, 0x0000000088000000, 0x0000000088000000|100%| O|  |TAMS 0x0000000088000000, 0x0000000087f00000| Untracked 
| 128|0x0000000088000000, 0x0000000088100000, 0x0000000088100000|100%| O|  |TAMS 0x0000000088100000, 0x0000000088000000| Untracked 
| 129|0x0000000088100000, 0x0000000088200000, 0x0000000088200000|100%| O|  |TAMS 0x0000000088200000, 0x0000000088100000| Untracked 
| 130|0x0000000088200000, 0x0000000088300000, 0x0000000088300000|100%| O|  |TAMS 0x0000000088300000, 0x0000000088200000| Untracked 
| 131|0x0000000088300000, 0x0000000088400000, 0x0000000088400000|100%| O|  |TAMS 0x0000000088400000, 0x0000000088300000| Untracked 
| 132|0x0000000088400000, 0x0000000088500000, 0x0000000088500000|100%| O|  |TAMS 0x0000000088500000, 0x0000000088400000| Untracked 
| 133|0x0000000088500000, 0x0000000088600000, 0x0000000088600000|100%| O|  |TAMS 0x0000000088600000, 0x0000000088500000| Untracked 
| 134|0x0000000088600000, 0x0000000088700000, 0x0000000088700000|100%| O|  |TAMS 0x0000000088700000, 0x0000000088600000| Untracked 
| 135|0x0000000088700000, 0x0000000088800000, 0x0000000088800000|100%| O|  |TAMS 0x0000000088800000, 0x0000000088700000| Untracked 
| 136|0x0000000088800000, 0x0000000088900000, 0x0000000088900000|100%| O|  |TAMS 0x0000000088900000, 0x0000000088800000| Untracked 
| 137|0x0000000088900000, 0x0000000088a00000, 0x0000000088a00000|100%| O|  |TAMS 0x0000000088a00000, 0x0000000088900000| Untracked 
| 138|0x0000000088a00000, 0x0000000088b00000, 0x0000000088b00000|100%| O|  |TAMS 0x0000000088b00000, 0x0000000088a00000| Untracked 
| 139|0x0000000088b00000, 0x0000000088c00000, 0x0000000088c00000|100%| O|  |TAMS 0x0000000088bc6a00, 0x0000000088b00000| Untracked 
| 140|0x0000000088c00000, 0x0000000088d00000, 0x0000000088d00000|100%| O|  |TAMS 0x0000000088c00000, 0x0000000088c00000| Untracked 
| 141|0x0000000088d00000, 0x0000000088e00000, 0x0000000088e00000|100%| O|  |TAMS 0x0000000088d00000, 0x0000000088d00000| Untracked 
| 142|0x0000000088e00000, 0x0000000088f00000, 0x0000000088f00000|100%| O|  |TAMS 0x0000000088e00000, 0x0000000088e00000| Untracked 
| 143|0x0000000088f00000, 0x0000000089000000, 0x0000000089000000|100%| O|  |TAMS 0x0000000088f00000, 0x0000000088f00000| Untracked 
| 144|0x0000000089000000, 0x0000000089100000, 0x0000000089100000|100%| O|  |TAMS 0x0000000089000000, 0x0000000089000000| Untracked 
| 145|0x0000000089100000, 0x0000000089200000, 0x0000000089200000|100%|HS|  |TAMS 0x0000000089200000, 0x0000000089100000| Complete 
| 146|0x0000000089200000, 0x0000000089300000, 0x0000000089300000|100%| O|  |TAMS 0x0000000089200000, 0x0000000089200000| Untracked 
| 147|0x0000000089300000, 0x0000000089343400, 0x0000000089400000| 26%| O|  |TAMS 0x0000000089300000, 0x0000000089300000| Untracked 
| 148|0x0000000089400000, 0x0000000089400000, 0x0000000089500000|  0%| F|  |TAMS 0x0000000089400000, 0x0000000089400000| Untracked 
| 149|0x0000000089500000, 0x0000000089500000, 0x0000000089600000|  0%| F|  |TAMS 0x0000000089500000, 0x0000000089500000| Untracked 
| 150|0x0000000089600000, 0x0000000089600000, 0x0000000089700000|  0%| F|  |TAMS 0x0000000089600000, 0x0000000089600000| Untracked 
| 151|0x0000000089700000, 0x0000000089700000, 0x0000000089800000|  0%| F|  |TAMS 0x0000000089700000, 0x0000000089700000| Untracked 
| 152|0x0000000089800000, 0x0000000089800000, 0x0000000089900000|  0%| F|  |TAMS 0x0000000089800000, 0x0000000089800000| Untracked 
| 153|0x0000000089900000, 0x0000000089900000, 0x0000000089a00000|  0%| F|  |TAMS 0x0000000089900000, 0x0000000089900000| Untracked 
| 154|0x0000000089a00000, 0x0000000089a00000, 0x0000000089b00000|  0%| F|  |TAMS 0x0000000089a00000, 0x0000000089a00000| Untracked 
| 155|0x0000000089b00000, 0x0000000089b00000, 0x0000000089c00000|  0%| F|  |TAMS 0x0000000089b00000, 0x0000000089b00000| Untracked 
| 156|0x0000000089c00000, 0x0000000089c00000, 0x0000000089d00000|  0%| F|  |TAMS 0x0000000089c00000, 0x0000000089c00000| Untracked 
| 157|0x0000000089d00000, 0x0000000089d00000, 0x0000000089e00000|  0%| F|  |TAMS 0x0000000089d00000, 0x0000000089d00000| Untracked 
| 158|0x0000000089e00000, 0x0000000089e00000, 0x0000000089f00000|  0%| F|  |TAMS 0x0000000089e00000, 0x0000000089e00000| Untracked 
| 159|0x0000000089f00000, 0x0000000089f00000, 0x000000008a000000|  0%| F|  |TAMS 0x0000000089f00000, 0x0000000089f00000| Untracked 
| 160|0x000000008a000000, 0x000000008a000000, 0x000000008a100000|  0%| F|  |TAMS 0x000000008a000000, 0x000000008a000000| Untracked 
| 161|0x000000008a100000, 0x000000008a100000, 0x000000008a200000|  0%| F|  |TAMS 0x000000008a100000, 0x000000008a100000| Untracked 
| 162|0x000000008a200000, 0x000000008a200000, 0x000000008a300000|  0%| F|  |TAMS 0x000000008a200000, 0x000000008a200000| Untracked 
| 163|0x000000008a300000, 0x000000008a300000, 0x000000008a400000|  0%| F|  |TAMS 0x000000008a300000, 0x000000008a300000| Untracked 
| 164|0x000000008a400000, 0x000000008a400000, 0x000000008a500000|  0%| F|  |TAMS 0x000000008a400000, 0x000000008a400000| Untracked 
| 165|0x000000008a500000, 0x000000008a500000, 0x000000008a600000|  0%| F|  |TAMS 0x000000008a500000, 0x000000008a500000| Untracked 
| 166|0x000000008a600000, 0x000000008a600000, 0x000000008a700000|  0%| F|  |TAMS 0x000000008a600000, 0x000000008a600000| Untracked 
| 167|0x000000008a700000, 0x000000008a700000, 0x000000008a800000|  0%| F|  |TAMS 0x000000008a700000, 0x000000008a700000| Untracked 
| 168|0x000000008a800000, 0x000000008a800000, 0x000000008a900000|  0%| F|  |TAMS 0x000000008a800000, 0x000000008a800000| Untracked 
| 169|0x000000008a900000, 0x000000008a900000, 0x000000008aa00000|  0%| F|  |TAMS 0x000000008a900000, 0x000000008a900000| Untracked 
| 170|0x000000008aa00000, 0x000000008aa00000, 0x000000008ab00000|  0%| F|  |TAMS 0x000000008aa00000, 0x000000008aa00000| Untracked 
| 171|0x000000008ab00000, 0x000000008ab00000, 0x000000008ac00000|  0%| F|  |TAMS 0x000000008ab00000, 0x000000008ab00000| Untracked 
| 172|0x000000008ac00000, 0x000000008ac00000, 0x000000008ad00000|  0%| F|  |TAMS 0x000000008ac00000, 0x000000008ac00000| Untracked 
| 173|0x000000008ad00000, 0x000000008ad00000, 0x000000008ae00000|  0%| F|  |TAMS 0x000000008ad00000, 0x000000008ad00000| Untracked 
| 174|0x000000008ae00000, 0x000000008ae00000, 0x000000008af00000|  0%| F|  |TAMS 0x000000008ae00000, 0x000000008ae00000| Untracked 
| 175|0x000000008af00000, 0x000000008af56b50, 0x000000008b000000| 33%| S|CS|TAMS 0x000000008af00000, 0x000000008af00000| Complete 
| 176|0x000000008b000000, 0x000000008b100000, 0x000000008b100000|100%| S|CS|TAMS 0x000000008b000000, 0x000000008b000000| Complete 
| 177|0x000000008b100000, 0x000000008b200000, 0x000000008b200000|100%| S|CS|TAMS 0x000000008b100000, 0x000000008b100000| Complete 
| 178|0x000000008b200000, 0x000000008b300000, 0x000000008b300000|100%| S|CS|TAMS 0x000000008b200000, 0x000000008b200000| Complete 
| 179|0x000000008b300000, 0x000000008b300000, 0x000000008b400000|  0%| F|  |TAMS 0x000000008b300000, 0x000000008b300000| Untracked 
| 180|0x000000008b400000, 0x000000008b400000, 0x000000008b500000|  0%| F|  |TAMS 0x000000008b400000, 0x000000008b400000| Untracked 
| 181|0x000000008b500000, 0x000000008b500000, 0x000000008b600000|  0%| F|  |TAMS 0x000000008b500000, 0x000000008b500000| Untracked 
| 182|0x000000008b600000, 0x000000008b600000, 0x000000008b700000|  0%| F|  |TAMS 0x000000008b600000, 0x000000008b600000| Untracked 
| 183|0x000000008b700000, 0x000000008b700000, 0x000000008b800000|  0%| F|  |TAMS 0x000000008b700000, 0x000000008b700000| Untracked 
| 184|0x000000008b800000, 0x000000008b800000, 0x000000008b900000|  0%| F|  |TAMS 0x000000008b800000, 0x000000008b800000| Untracked 
| 185|0x000000008b900000, 0x000000008b900000, 0x000000008ba00000|  0%| F|  |TAMS 0x000000008b900000, 0x000000008b900000| Untracked 
| 186|0x000000008ba00000, 0x000000008ba00000, 0x000000008bb00000|  0%| F|  |TAMS 0x000000008ba00000, 0x000000008ba00000| Untracked 
| 187|0x000000008bb00000, 0x000000008bb00000, 0x000000008bc00000|  0%| F|  |TAMS 0x000000008bb00000, 0x000000008bb00000| Untracked 
| 188|0x000000008bc00000, 0x000000008bc00000, 0x000000008bd00000|  0%| F|  |TAMS 0x000000008bc00000, 0x000000008bc00000| Untracked 
| 189|0x000000008bd00000, 0x000000008bd00000, 0x000000008be00000|  0%| F|  |TAMS 0x000000008bd00000, 0x000000008bd00000| Untracked 
| 190|0x000000008be00000, 0x000000008be00000, 0x000000008bf00000|  0%| F|  |TAMS 0x000000008be00000, 0x000000008be00000| Untracked 
| 191|0x000000008bf00000, 0x000000008bf00000, 0x000000008c000000|  0%| F|  |TAMS 0x000000008bf00000, 0x000000008bf00000| Untracked 
| 192|0x000000008c000000, 0x000000008c000000, 0x000000008c100000|  0%| F|  |TAMS 0x000000008c000000, 0x000000008c000000| Untracked 
| 193|0x000000008c100000, 0x000000008c100000, 0x000000008c200000|  0%| F|  |TAMS 0x000000008c100000, 0x000000008c100000| Untracked 
| 194|0x000000008c200000, 0x000000008c200000, 0x000000008c300000|  0%| F|  |TAMS 0x000000008c200000, 0x000000008c200000| Untracked 
| 195|0x000000008c300000, 0x000000008c300000, 0x000000008c400000|  0%| F|  |TAMS 0x000000008c300000, 0x000000008c300000| Untracked 
| 196|0x000000008c400000, 0x000000008c400000, 0x000000008c500000|  0%| F|  |TAMS 0x000000008c400000, 0x000000008c400000| Untracked 
| 197|0x000000008c500000, 0x000000008c500000, 0x000000008c600000|  0%| F|  |TAMS 0x000000008c500000, 0x000000008c500000| Untracked 
| 198|0x000000008c600000, 0x000000008c600000, 0x000000008c700000|  0%| F|  |TAMS 0x000000008c600000, 0x000000008c600000| Untracked 
| 199|0x000000008c700000, 0x000000008c700000, 0x000000008c800000|  0%| F|  |TAMS 0x000000008c700000, 0x000000008c700000| Untracked 
| 200|0x000000008c800000, 0x000000008c800000, 0x000000008c900000|  0%| F|  |TAMS 0x000000008c800000, 0x000000008c800000| Untracked 
| 201|0x000000008c900000, 0x000000008c900000, 0x000000008ca00000|  0%| F|  |TAMS 0x000000008c900000, 0x000000008c900000| Untracked 
| 202|0x000000008ca00000, 0x000000008ca00000, 0x000000008cb00000|  0%| F|  |TAMS 0x000000008ca00000, 0x000000008ca00000| Untracked 
| 203|0x000000008cb00000, 0x000000008cb00000, 0x000000008cc00000|  0%| F|  |TAMS 0x000000008cb00000, 0x000000008cb00000| Untracked 
| 204|0x000000008cc00000, 0x000000008cc00000, 0x000000008cd00000|  0%| F|  |TAMS 0x000000008cc00000, 0x000000008cc00000| Untracked 
| 205|0x000000008cd00000, 0x000000008cd00000, 0x000000008ce00000|  0%| F|  |TAMS 0x000000008cd00000, 0x000000008cd00000| Untracked 
| 206|0x000000008ce00000, 0x000000008ce00000, 0x000000008cf00000|  0%| F|  |TAMS 0x000000008ce00000, 0x000000008ce00000| Untracked 
| 207|0x000000008cf00000, 0x000000008cf00000, 0x000000008d000000|  0%| F|  |TAMS 0x000000008cf00000, 0x000000008cf00000| Untracked 
| 208|0x000000008d000000, 0x000000008d000000, 0x000000008d100000|  0%| F|  |TAMS 0x000000008d000000, 0x000000008d000000| Untracked 
| 209|0x000000008d100000, 0x000000008d100000, 0x000000008d200000|  0%| F|  |TAMS 0x000000008d100000, 0x000000008d100000| Untracked 
| 210|0x000000008d200000, 0x000000008d200000, 0x000000008d300000|  0%| F|  |TAMS 0x000000008d200000, 0x000000008d200000| Untracked 
| 211|0x000000008d300000, 0x000000008d300000, 0x000000008d400000|  0%| F|  |TAMS 0x000000008d300000, 0x000000008d300000| Untracked 
| 212|0x000000008d400000, 0x000000008d400000, 0x000000008d500000|  0%| F|  |TAMS 0x000000008d400000, 0x000000008d400000| Untracked 
| 213|0x000000008d500000, 0x000000008d500000, 0x000000008d600000|  0%| F|  |TAMS 0x000000008d500000, 0x000000008d500000| Untracked 
| 214|0x000000008d600000, 0x000000008d600000, 0x000000008d700000|  0%| F|  |TAMS 0x000000008d600000, 0x000000008d600000| Untracked 

Card table byte_map: [0x0000023e1c800000,0x0000023e1cc00000] _byte_map_base: 0x0000023e1c400000

Marking Bits (Prev, Next): (CMBitMap*) 0x0000023e04984f30, (CMBitMap*) 0x0000023e04984ef8
 Prev Bits: [0x0000023e1f000000, 0x0000023e21000000)
 Next Bits: [0x0000023e1d000000, 0x0000023e1f000000)

Polling page: 0x0000023e028d0000

Metaspace:

Usage:
  Non-class:     89.33 MB capacity,    87.50 MB ( 98%) used,     1.53 MB (  2%) free+waste,   294.50 KB ( <1%) overhead. 
      Class:     13.56 MB capacity,    12.58 MB ( 93%) used,   863.59 KB (  6%) free+waste,   133.19 KB ( <1%) overhead. 
       Both:    102.88 MB capacity,   100.09 MB ( 97%) used,     2.38 MB (  2%) free+waste,   427.69 KB ( <1%) overhead. 

Virtual space:
  Non-class space:       90.00 MB reserved,      89.83 MB (>99%) committed 
      Class space:        1.00 GB reserved,      13.88 MB (  1%) committed 
             Both:        1.09 GB reserved,     103.70 MB (  9%) committed 

Chunk freelists:
   Non-Class:  387.00 KB
       Class:  231.00 KB
        Both:  618.00 KB

MaxMetaspaceSize: 17179869184.00 GB
CompressedClassSpaceSize: 1.00 GB
Initial GC threshold: 20.80 MB
Current GC threshold: 172.84 MB
CDS: off

CodeHeap 'non-profiled nmethods': size=120000Kb used=9178Kb max_used=9178Kb free=110821Kb
 bounds [0x0000023e14ba0000, 0x0000023e154a0000, 0x0000023e1c0d0000]
CodeHeap 'profiled nmethods': size=120000Kb used=29767Kb max_used=29767Kb free=90232Kb
 bounds [0x0000023e0d670000, 0x0000023e0f390000, 0x0000023e14ba0000]
CodeHeap 'non-nmethods': size=5760Kb used=2406Kb max_used=2460Kb free=3353Kb
 bounds [0x0000023e0d0d0000, 0x0000023e0d350000, 0x0000023e0d670000]
 total_blobs=14540 nmethods=13622 adapters=829
 compilation: enabled
              stopped_count=0, restarted_count=0
 full_count=0

Compilation events (20 events):
Event: 69.927 Thread 0x0000023e243f6800 14083       2       org.objectweb.asm.SymbolTable::putBootstrapMethods (56 bytes)
Event: 69.928 Thread 0x0000023e243f6800 nmethod 14083 0x0000023e0f37b390 code [0x0000023e0f37b580, 0x0000023e0f37b788]
Event: 70.092 Thread 0x0000023e243f6800 14084   !   2       com.android.tools.build.jetifier.processor.transform.bytecode.ByteCodeTransformer::runTransform (159 bytes)
Event: 70.094 Thread 0x0000023e243f6800 nmethod 14084 0x0000023e0f37b990 code [0x0000023e0f37bd40, 0x0000023e0f37cb38]
Event: 70.094 Thread 0x0000023e243f6800 14085       2       com.android.tools.build.jetifier.processor.transform.bytecode.CoreRemapperImpl::<init> (64 bytes)
Event: 70.095 Thread 0x0000023e243f6800 nmethod 14085 0x0000023e0f37d490 code [0x0000023e0f37d700, 0x0000023e0f37de28]
Event: 70.095 Thread 0x0000023e243f6800 14087       2       org.objectweb.asm.FieldWriter::computeFieldInfoSize (86 bytes)
Event: 70.095 Thread 0x0000023e243f6800 nmethod 14087 0x0000023e0f37e210 code [0x0000023e0f37e400, 0x0000023e0f37e638]
Event: 70.095 Thread 0x0000023e243f6800 14086       2       com.android.tools.build.jetifier.processor.transform.bytecode.asm.CustomRemapper::<init> (16 bytes)
Event: 70.096 Thread 0x0000023e243f6800 nmethod 14086 0x0000023e0f37e790 code [0x0000023e0f37e980, 0x0000023e0f37ec78]
Event: 70.097 Thread 0x0000023e23a8e000 nmethod 14016 0x0000023e1548a810 code [0x0000023e1548ae20, 0x0000023e154929c0]
Event: 70.097 Thread 0x0000023e23a8e000 14022 %     4       org.objectweb.asm.ClassReader::readCode @ 71 (5089 bytes)
Event: 70.101 Thread 0x0000023e243f6800 14088       2       com.android.tools.build.jetifier.core.type.JavaType$Companion::fromDotVersion (83 bytes)
Event: 70.102 Thread 0x0000023e243f6800 nmethod 14088 0x0000023e0f37ee90 code [0x0000023e0f37f140, 0x0000023e0f37f848]
Event: 70.166 Thread 0x0000023e243f6800 14095       2       com.android.tools.build.jetifier.processor.transform.bytecode.CoreRemapperImpl::rewritePath (150 bytes)
Event: 70.167 Thread 0x0000023e243f6800 nmethod 14095 0x0000023e0f37fc90 code [0x0000023e0f37ff80, 0x0000023e0f380828]
Event: 70.167 Thread 0x0000023e243f6800 14096       2       com.android.tools.build.jetifier.processor.archive.ArchiveFile::updateRelativePath (46 bytes)
Event: 70.168 Thread 0x0000023e243f6800 nmethod 14096 0x0000023e0f380e10 code [0x0000023e0f381040, 0x0000023e0f381468]
Event: 70.245 Thread 0x0000023e243f6800 14098       2       org.objectweb.asm.AnnotationWriter::visitAnnotation (73 bytes)
Event: 70.245 Thread 0x0000023e243f6800 nmethod 14098 0x0000023e0f381690 code [0x0000023e0f3818a0, 0x0000023e0f381b58]

GC Heap History (20 events):
Event: 68.409 GC heap after
{Heap after GC invocations=89 (full 0):
 garbage-first heap   total 220160K, used 138746K [0x0000000080000000, 0x0000000100000000)
  region size 1024K, 3 young (3072K), 3 survivors (3072K)
 Metaspace       used 102066K, capacity 105060K, committed 105936K, reserved 1140736K
  class space    used 12856K, capacity 13878K, committed 14208K, reserved 1048576K
}
Event: 68.940 GC heap before
{Heap before GC invocations=89 (full 0):
 garbage-first heap   total 220160K, used 175610K [0x0000000080000000, 0x0000000100000000)
  region size 1024K, 41 young (41984K), 3 survivors (3072K)
 Metaspace       used 102297K, capacity 105224K, committed 105936K, reserved 1140736K
  class space    used 12871K, capacity 13882K, committed 14208K, reserved 1048576K
}
Event: 68.945 GC heap after
{Heap after GC invocations=90 (full 0):
 garbage-first heap   total 220160K, used 139280K [0x0000000080000000, 0x0000000100000000)
  region size 1024K, 4 young (4096K), 4 survivors (4096K)
 Metaspace       used 102297K, capacity 105224K, committed 105936K, reserved 1140736K
  class space    used 12871K, capacity 13882K, committed 14208K, reserved 1048576K
}
Event: 69.202 GC heap before
{Heap before GC invocations=91 (full 0):
 garbage-first heap   total 220160K, used 186384K [0x0000000080000000, 0x0000000100000000)
  region size 1024K, 49 young (50176K), 4 survivors (4096K)
 Metaspace       used 102310K, capacity 105225K, committed 105936K, reserved 1140736K
  class space    used 12871K, capacity 13882K, committed 14208K, reserved 1048576K
}
Event: 69.213 GC heap after
{Heap after GC invocations=92 (full 0):
 garbage-first heap   total 220160K, used 143325K [0x0000000080000000, 0x0000000100000000)
  region size 1024K, 7 young (7168K), 7 survivors (7168K)
 Metaspace       used 102310K, capacity 105225K, committed 105936K, reserved 1140736K
  class space    used 12871K, capacity 13882K, committed 14208K, reserved 1048576K
}
Event: 69.402 GC heap before
{Heap before GC invocations=92 (full 0):
 garbage-first heap   total 220160K, used 176093K [0x0000000080000000, 0x0000000100000000)
  region size 1024K, 41 young (41984K), 7 survivors (7168K)
 Metaspace       used 102312K, capacity 105225K, committed 105936K, reserved 1140736K
  class space    used 12871K, capacity 13882K, committed 14208K, reserved 1048576K
}
Event: 69.438 GC heap after
{Heap after GC invocations=93 (full 0):
 garbage-first heap   total 220160K, used 143967K [0x0000000080000000, 0x0000000100000000)
  region size 1024K, 1 young (1024K), 1 survivors (1024K)
 Metaspace       used 102312K, capacity 105225K, committed 105936K, reserved 1140736K
  class space    used 12871K, capacity 13882K, committed 14208K, reserved 1048576K
}
Event: 69.599 GC heap before
{Heap before GC invocations=93 (full 0):
 garbage-first heap   total 220160K, used 186975K [0x0000000080000000, 0x0000000100000000)
  region size 1024K, 41 young (41984K), 1 survivors (1024K)
 Metaspace       used 102316K, capacity 105225K, committed 105936K, reserved 1140736K
  class space    used 12871K, capacity 13882K, committed 14208K, reserved 1048576K
}
Event: 69.601 GC heap after
{Heap after GC invocations=94 (full 0):
 garbage-first heap   total 220160K, used 147828K [0x0000000080000000, 0x0000000100000000)
  region size 1024K, 3 young (3072K), 3 survivors (3072K)
 Metaspace       used 102316K, capacity 105225K, committed 105936K, reserved 1140736K
  class space    used 12871K, capacity 13882K, committed 14208K, reserved 1048576K
}
Event: 69.745 GC heap before
{Heap before GC invocations=94 (full 0):
 garbage-first heap   total 220160K, used 190836K [0x0000000080000000, 0x0000000100000000)
  region size 1024K, 42 young (43008K), 3 survivors (3072K)
 Metaspace       used 102349K, capacity 105289K, committed 106192K, reserved 1140736K
  class space    used 12872K, capacity 13882K, committed 14208K, reserved 1048576K
}
Event: 69.748 GC heap after
{Heap after GC invocations=95 (full 0):
 garbage-first heap   total 220160K, used 149395K [0x0000000080000000, 0x0000000100000000)
  region size 1024K, 4 young (4096K), 4 survivors (4096K)
 Metaspace       used 102349K, capacity 105289K, committed 106192K, reserved 1140736K
  class space    used 12872K, capacity 13882K, committed 14208K, reserved 1048576K
}
Event: 69.779 GC heap before
{Heap before GC invocations=96 (full 0):
 garbage-first heap   total 220160K, used 167827K [0x0000000080000000, 0x0000000100000000)
  region size 1024K, 24 young (24576K), 4 survivors (4096K)
 Metaspace       used 102359K, capacity 105289K, committed 106192K, reserved 1140736K
  class space    used 12873K, capacity 13882K, committed 14208K, reserved 1048576K
}
Event: 69.782 GC heap after
{Heap after GC invocations=97 (full 0):
 garbage-first heap   total 220160K, used 148537K [0x0000000080000000, 0x0000000100000000)
  region size 1024K, 5 young (5120K), 5 survivors (5120K)
 Metaspace       used 102359K, capacity 105289K, committed 106192K, reserved 1140736K
  class space    used 12873K, capacity 13882K, committed 14208K, reserved 1048576K
}
Event: 69.841 GC heap before
{Heap before GC invocations=97 (full 0):
 garbage-first heap   total 220160K, used 186425K [0x0000000080000000, 0x0000000100000000)
  region size 1024K, 42 young (43008K), 5 survivors (5120K)
 Metaspace       used 102365K, capacity 105289K, committed 106192K, reserved 1140736K
  class space    used 12873K, capacity 13882K, committed 14208K, reserved 1048576K
}
Event: 69.869 GC heap after
{Heap after GC invocations=98 (full 0):
 garbage-first heap   total 220160K, used 150349K [0x0000000080000000, 0x0000000100000000)
  region size 1024K, 5 young (5120K), 5 survivors (5120K)
 Metaspace       used 102365K, capacity 105289K, committed 106192K, reserved 1140736K
  class space    used 12873K, capacity 13882K, committed 14208K, reserved 1048576K
}
Event: 69.987 GC heap before
{Heap before GC invocations=98 (full 0):
 garbage-first heap   total 220160K, used 187213K [0x0000000080000000, 0x0000000100000000)
  region size 1024K, 41 young (41984K), 5 survivors (5120K)
 Metaspace       used 102413K, capacity 105289K, committed 106192K, reserved 1140736K
  class space    used 12875K, capacity 13882K, committed 14208K, reserved 1048576K
}
Event: 70.082 GC heap after
{Heap after GC invocations=99 (full 0):
 garbage-first heap   total 220160K, used 151127K [0x0000000080000000, 0x0000000100000000)
  region size 1024K, 4 young (4096K), 4 survivors (4096K)
 Metaspace       used 102413K, capacity 105289K, committed 106192K, reserved 1140736K
  class space    used 12875K, capacity 13882K, committed 14208K, reserved 1048576K
}
Event: 70.202 GC heap before
{Heap before GC invocations=99 (full 0):
 garbage-first heap   total 220160K, used 189015K [0x0000000080000000, 0x0000000100000000)
  region size 1024K, 41 young (41984K), 4 survivors (4096K)
 Metaspace       used 102432K, capacity 105350K, committed 106192K, reserved 1140736K
  class space    used 12877K, capacity 13881K, committed 14208K, reserved 1048576K
}
Event: 70.243 GC heap after
{Heap after GC invocations=100 (full 0):
 garbage-first heap   total 220160K, used 152727K [0x0000000080000000, 0x0000000100000000)
  region size 1024K, 3 young (3072K), 3 survivors (3072K)
 Metaspace       used 102432K, capacity 105350K, committed 106192K, reserved 1140736K
  class space    used 12877K, capacity 13881K, committed 14208K, reserved 1048576K
}
Event: 70.301 GC heap before
{Heap before GC invocations=101 (full 0):
 garbage-first heap   total 220160K, used 188567K [0x0000000080000000, 0x0000000100000000)
  region size 1024K, 39 young (39936K), 3 survivors (3072K)
 Metaspace       used 102488K, capacity 105350K, committed 106192K, reserved 1140736K
  class space    used 12884K, capacity 13881K, committed 14208K, reserved 1048576K
}

Deoptimization events (20 events):
Event: 70.168 Thread 0x0000023e2acd1000 DEOPT PACKING pc=0x0000023e0f34cb76 sp=0x000000a62f2fb340
Event: 70.168 Thread 0x0000023e2acd1000 DEOPT UNPACKING pc=0x0000023e0d119d0e sp=0x000000a62f2fa860 mode 0
Event: 70.170 Thread 0x0000023e2acd1000 DEOPT PACKING pc=0x0000023e0f2699bc sp=0x000000a62f2fac80
Event: 70.170 Thread 0x0000023e2acd1000 DEOPT UNPACKING pc=0x0000023e0d119d0e sp=0x000000a62f2fa2f0 mode 0
Event: 70.178 Thread 0x0000023e2acd1000 DEOPT PACKING pc=0x0000023e0f34cb76 sp=0x000000a62f2fb340
Event: 70.178 Thread 0x0000023e2acd1000 DEOPT UNPACKING pc=0x0000023e0d119d0e sp=0x000000a62f2fa860 mode 0
Event: 70.194 Thread 0x0000023e2acd1000 DEOPT PACKING pc=0x0000023e0f34cb76 sp=0x000000a62f2fb340
Event: 70.194 Thread 0x0000023e2acd1000 DEOPT UNPACKING pc=0x0000023e0d119d0e sp=0x000000a62f2fa860 mode 0
Event: 70.257 Thread 0x0000023e26c09800 DEOPT PACKING pc=0x0000023e0f34cb76 sp=0x000000a62d7fb5f0
Event: 70.257 Thread 0x0000023e26c09800 DEOPT UNPACKING pc=0x0000023e0d119d0e sp=0x000000a62d7fab10 mode 0
Event: 70.279 Thread 0x0000023e2acd4000 DEOPT PACKING pc=0x0000023e0f34cb76 sp=0x000000a62ebfb260
Event: 70.279 Thread 0x0000023e2acd4000 DEOPT UNPACKING pc=0x0000023e0d119d0e sp=0x000000a62ebfa780 mode 0
Event: 70.279 Thread 0x0000023e2acd1000 DEOPT PACKING pc=0x0000023e0f2699bc sp=0x000000a62f2fac80
Event: 70.279 Thread 0x0000023e2acd1000 DEOPT UNPACKING pc=0x0000023e0d119d0e sp=0x000000a62f2fa2f0 mode 0
Event: 70.282 Thread 0x0000023e26c0b000 DEOPT PACKING pc=0x0000023e0ef1a534 sp=0x000000a62dcfbe20
Event: 70.282 Thread 0x0000023e26c0b000 DEOPT UNPACKING pc=0x0000023e0d119d0e sp=0x000000a62dcfb3d0 mode 0
Event: 70.284 Thread 0x0000023e2acd1000 DEOPT PACKING pc=0x0000023e0f2699bc sp=0x000000a62f2fac80
Event: 70.284 Thread 0x0000023e2acd1000 DEOPT UNPACKING pc=0x0000023e0d119d0e sp=0x000000a62f2fa2f0 mode 0
Event: 70.291 Thread 0x0000023e2acd4000 DEOPT PACKING pc=0x0000023e0f34cb76 sp=0x000000a62ebfb260
Event: 70.291 Thread 0x0000023e2acd4000 DEOPT UNPACKING pc=0x0000023e0d119d0e sp=0x000000a62ebfa780 mode 0

Classes redefined (0 events):
No events

Internal exceptions (20 events):
Event: 64.921 Thread 0x0000023e28786000 Exception <a 'sun/nio/fs/WindowsException'{0x000000008bff1a20}> (0x000000008bff1a20) thrown at [s\src\hotspot\share\prims\jni.cpp, line 617]
Event: 68.354 Thread 0x0000023e2886f000 Exception <a 'sun/nio/fs/WindowsException'{0x000000008b4f7e80}> (0x000000008b4f7e80) thrown at [s\src\hotspot\share\prims\jni.cpp, line 617]
Event: 68.413 Thread 0x0000023e2886b800 Exception <a 'sun/nio/fs/WindowsException'{0x000000008d6bd480}> (0x000000008d6bd480) thrown at [s\src\hotspot\share\prims\jni.cpp, line 617]
Event: 68.482 Thread 0x0000023e28862000 Exception <a 'sun/nio/fs/WindowsException'{0x000000008d2e19f0}> (0x000000008d2e19f0) thrown at [s\src\hotspot\share\prims\jni.cpp, line 617]
Event: 68.545 Thread 0x0000023e28862800 Exception <a 'sun/nio/fs/WindowsException'{0x000000008ce63590}> (0x000000008ce63590) thrown at [s\src\hotspot\share\prims\jni.cpp, line 617]
Event: 68.875 Thread 0x0000023e2acd2800 Exception <a 'sun/nio/fs/WindowsException'{0x000000008b82c758}> (0x000000008b82c758) thrown at [s\src\hotspot\share\prims\jni.cpp, line 617]
Event: 68.891 Thread 0x0000023e26c04800 Exception <a 'sun/nio/fs/WindowsException'{0x000000008b6c6950}> (0x000000008b6c6950) thrown at [s\src\hotspot\share\prims\jni.cpp, line 617]
Event: 68.896 Thread 0x0000023e28786800 Exception <a 'sun/nio/fs/WindowsException'{0x000000008b5f9020}> (0x000000008b5f9020) thrown at [s\src\hotspot\share\prims\jni.cpp, line 617]
Event: 68.903 Thread 0x0000023e26c0e800 Exception <a 'sun/nio/fs/WindowsException'{0x000000008b454338}> (0x000000008b454338) thrown at [s\src\hotspot\share\prims\jni.cpp, line 617]
Event: 68.951 Thread 0x0000023e26f7d800 Exception <a 'sun/nio/fs/WindowsException'{0x000000008d64bd00}> (0x000000008d64bd00) thrown at [s\src\hotspot\share\prims\jni.cpp, line 617]
Event: 68.964 Thread 0x0000023e2886b800 Exception <a 'sun/nio/fs/WindowsException'{0x000000008d211618}> (0x000000008d211618) thrown at [s\src\hotspot\share\prims\jni.cpp, line 617]
Event: 68.999 Thread 0x0000023e26c09000 Exception <a 'sun/nio/fs/WindowsException'{0x000000008caa0680}> (0x000000008caa0680) thrown at [s\src\hotspot\share\prims\jni.cpp, line 617]
Event: 69.234 Thread 0x0000023e26f76000 Exception <a 'sun/nio/fs/WindowsException'{0x000000008d0c1078}> (0x000000008d0c1078) thrown at [s\src\hotspot\share\prims\jni.cpp, line 617]
Event: 69.257 Thread 0x0000023e2886b800 Exception <a 'sun/nio/fs/WindowsException'{0x000000008ccff080}> (0x000000008ccff080) thrown at [s\src\hotspot\share\prims\jni.cpp, line 617]
Event: 69.330 Thread 0x0000023e26f76000 Exception <a 'sun/nio/fs/WindowsException'{0x000000008c1eeae8}> (0x000000008c1eeae8) thrown at [s\src\hotspot\share\prims\jni.cpp, line 617]
Event: 69.469 Thread 0x0000023e26f76000 Exception <a 'sun/nio/fs/WindowsException'{0x000000008c798a58}> (0x000000008c798a58) thrown at [s\src\hotspot\share\prims\jni.cpp, line 617]
Event: 69.485 Thread 0x0000023e2886b800 Exception <a 'sun/nio/fs/WindowsException'{0x000000008c1bde98}> (0x000000008c1bde98) thrown at [s\src\hotspot\share\prims\jni.cpp, line 617]
Event: 69.524 Thread 0x0000023e28868800 Exception <a 'sun/nio/fs/WindowsException'{0x000000008b8b7e40}> (0x000000008b8b7e40) thrown at [s\src\hotspot\share\prims\jni.cpp, line 617]
Event: 69.615 Thread 0x0000023e26f76000 Exception <a 'sun/nio/fs/WindowsException'{0x000000008d178300}> (0x000000008d178300) thrown at [s\src\hotspot\share\prims\jni.cpp, line 617]
Event: 69.920 Thread 0x0000023e26c0b000 Exception <a 'sun/nio/fs/WindowsException'{0x000000008b54f148}> (0x000000008b54f148) thrown at [s\src\hotspot\share\prims\jni.cpp, line 617]

Events (20 events):
Event: 70.245 loading class org/jdom2/input/sax/SAXHandlerFactory done
Event: 70.246 loading class org/jdom2/JDOMFactory
Event: 70.246 loading class org/jdom2/JDOMFactory done
Event: 70.251 loading class org/jdom2/input/sax/DefaultSAXHandlerFactory
Event: 70.251 loading class org/jdom2/input/sax/DefaultSAXHandlerFactory done
Event: 70.256 loading class org/jdom2/input/sax/SAXHandler
Event: 70.256 loading class org/jdom2/input/sax/SAXHandler done
Event: 70.264 loading class org/xml/sax/ext/LexicalHandler
Event: 70.265 Executing VM operation: CGC_Operation
Event: 70.269 loading class org/xml/sax/ext/LexicalHandler done
Event: 70.270 Executing VM operation: CGC_Operation done
Event: 70.270 loading class org/xml/sax/ext/DeclHandler
Event: 70.272 loading class org/xml/sax/ext/DeclHandler done
Event: 70.272 loading class org/jdom2/input/sax/DefaultSAXHandlerFactory$DefaultSAXHandler
Event: 70.272 loading class org/jdom2/input/sax/DefaultSAXHandlerFactory$DefaultSAXHandler done
Event: 70.273 loading class org/jdom2/DefaultJDOMFactory
Event: 70.273 loading class org/jdom2/DefaultJDOMFactory done
Event: 70.282 loading class org/jdom2/input/sax/XMLReaders$FactorySupplier
Event: 70.282 loading class org/jdom2/input/sax/XMLReaders$FactorySupplier done
Event: 70.300 Executing VM operation: G1CollectForAllocation


Dynamic libraries:
0x00007ff6c1350000 - 0x00007ff6c135e000 	C:\Program Files\Eclipse Adoptium\jdk-11.0.22.7-hotspot\bin\java.exe
0x00007ff9ac9f0000 - 0x00007ff9acbe8000 	C:\windows\SYSTEM32\ntdll.dll
0x00007ff933eb0000 - 0x00007ff933eca000 	C:\Program Files\Avast Software\Avast\aswhook.dll
0x00007ff9aafa0000 - 0x00007ff9ab062000 	C:\windows\System32\KERNEL32.DLL
0x00007ff9aa080000 - 0x00007ff9aa37f000 	C:\windows\System32\KERNELBASE.dll
0x00007ff9aa4a0000 - 0x00007ff9aa5a0000 	C:\windows\System32\ucrtbase.dll
0x00007ff98eae0000 - 0x00007ff98eaf7000 	C:\Program Files\Eclipse Adoptium\jdk-11.0.22.7-hotspot\bin\jli.dll
0x00007ff98eac0000 - 0x00007ff98eadb000 	C:\Program Files\Eclipse Adoptium\jdk-11.0.22.7-hotspot\bin\VCRUNTIME140.dll
0x00007ff9abc30000 - 0x00007ff9abdcd000 	C:\windows\System32\USER32.dll
0x00007ff9aa5a0000 - 0x00007ff9aa5c2000 	C:\windows\System32\win32u.dll
0x00007ff9aaf70000 - 0x00007ff9aaf9b000 	C:\windows\System32\GDI32.dll
0x00007ff97fcc0000 - 0x00007ff97ff5a000 	C:\windows\WinSxS\amd64_microsoft.windows.common-controls_6595b64144ccf1df_6.0.19041.4355_none_60b8b9eb71f62e16\COMCTL32.dll
0x00007ff9aa380000 - 0x00007ff9aa497000 	C:\windows\System32\gdi32full.dll
0x00007ff9aa7f0000 - 0x00007ff9aa88d000 	C:\windows\System32\msvcp_win.dll
0x00007ff9abb80000 - 0x00007ff9abc1e000 	C:\windows\System32\msvcrt.dll
0x00007ff9aada0000 - 0x00007ff9aadcf000 	C:\windows\System32\IMM32.DLL
0x00007ff9a1b20000 - 0x00007ff9a1b2c000 	C:\Program Files\Eclipse Adoptium\jdk-11.0.22.7-hotspot\bin\vcruntime140_1.dll
0x00007ff9822b0000 - 0x00007ff98233d000 	C:\Program Files\Eclipse Adoptium\jdk-11.0.22.7-hotspot\bin\msvcp140.dll
0x00007ff95ae70000 - 0x00007ff95ba32000 	C:\Program Files\Eclipse Adoptium\jdk-11.0.22.7-hotspot\bin\server\jvm.dll
0x00007ff9ab070000 - 0x00007ff9ab121000 	C:\windows\System32\ADVAPI32.dll
0x00007ff9aad00000 - 0x00007ff9aad9f000 	C:\windows\System32\sechost.dll
0x00007ff9aadd0000 - 0x00007ff9aaef3000 	C:\windows\System32\RPCRT4.dll
0x00007ff9aa5d0000 - 0x00007ff9aa5f7000 	C:\windows\System32\bcrypt.dll
0x00007ff9abdd0000 - 0x00007ff9abdd8000 	C:\windows\System32\PSAPI.DLL
0x00007ff9a1b50000 - 0x00007ff9a1b5a000 	C:\windows\SYSTEM32\VERSION.dll
0x00007ff99be30000 - 0x00007ff99be57000 	C:\windows\SYSTEM32\WINMM.dll
0x00007ff98baa0000 - 0x00007ff98baa9000 	C:\windows\SYSTEM32\WSOCK32.dll
0x00007ff9aabd0000 - 0x00007ff9aac3b000 	C:\windows\System32\ws2_32.DLL
0x00007ff9a8860000 - 0x00007ff9a8872000 	C:\windows\SYSTEM32\kernel.appcore.dll
0x00007ff99b1d0000 - 0x00007ff99b1e0000 	C:\Program Files\Eclipse Adoptium\jdk-11.0.22.7-hotspot\bin\verify.dll
0x00007ff9a7c40000 - 0x00007ff9a7e24000 	C:\windows\SYSTEM32\DBGHELP.DLL
0x00007ff99d0c0000 - 0x00007ff99d0f4000 	C:\windows\SYSTEM32\dbgcore.DLL
0x00007ff9aa760000 - 0x00007ff9aa7e2000 	C:\windows\System32\bcryptPrimitives.dll
0x00007ff98dc20000 - 0x00007ff98dc48000 	C:\Program Files\Eclipse Adoptium\jdk-11.0.22.7-hotspot\bin\java.dll
0x00007ff98fc50000 - 0x00007ff98fc5a000 	C:\Program Files\Eclipse Adoptium\jdk-11.0.22.7-hotspot\bin\jimage.dll
0x00007ff98e0c0000 - 0x00007ff98e0d8000 	C:\Program Files\Eclipse Adoptium\jdk-11.0.22.7-hotspot\bin\zip.dll
0x00007ff9ab130000 - 0x00007ff9ab89e000 	C:\windows\System32\SHELL32.dll
0x00007ff9a80a0000 - 0x00007ff9a8844000 	C:\windows\SYSTEM32\windows.storage.dll
0x00007ff9abfc0000 - 0x00007ff9ac315000 	C:\windows\System32\combase.dll
0x00007ff9a99d0000 - 0x00007ff9a99ff000 	C:\windows\SYSTEM32\Wldp.dll
0x00007ff9abde0000 - 0x00007ff9abead000 	C:\windows\System32\OLEAUT32.dll
0x00007ff9aaa00000 - 0x00007ff9aaaad000 	C:\windows\System32\SHCORE.dll
0x00007ff9aaca0000 - 0x00007ff9aacf5000 	C:\windows\System32\shlwapi.dll
0x00007ff9a9fb0000 - 0x00007ff9a9fd4000 	C:\windows\SYSTEM32\profapi.dll
0x00007ff98beb0000 - 0x00007ff98bec9000 	C:\Program Files\Eclipse Adoptium\jdk-11.0.22.7-hotspot\bin\net.dll
0x00007ff9a4580000 - 0x00007ff9a468d000 	C:\windows\SYSTEM32\WINHTTP.dll
0x00007ff9a97b0000 - 0x00007ff9a981a000 	C:\windows\system32\mswsock.dll
0x00007ff989330000 - 0x00007ff989342000 	C:\Program Files\Eclipse Adoptium\jdk-11.0.22.7-hotspot\bin\nio.dll
0x00007ff99dbf0000 - 0x00007ff99dc17000 	C:\Users\Sofia\.gradle\native\e1d6ef7f7dcc3fd88c89a11ec53ec762bb8ba0a96d01ffa2cd45eb1d1d8dd5c5\windows-amd64\native-platform.dll
0x00007ff95d1c0000 - 0x00007ff95d304000 	C:\Users\Sofia\.gradle\native\5664cfc778a61ccfe75a443a1ab52a65af34e5dc3c78e0209fed803814484fcb\windows-amd64\native-platform-file-events.dll
0x00007ff98ee30000 - 0x00007ff98ee39000 	C:\Program Files\Eclipse Adoptium\jdk-11.0.22.7-hotspot\bin\management.dll
0x00007ff98e240000 - 0x00007ff98e24b000 	C:\Program Files\Eclipse Adoptium\jdk-11.0.22.7-hotspot\bin\management_ext.dll
0x00007ff9a9a10000 - 0x00007ff9a9a28000 	C:\windows\SYSTEM32\CRYPTSP.dll
0x00007ff9a9080000 - 0x00007ff9a90b4000 	C:\windows\system32\rsaenh.dll
0x00007ff9a9f70000 - 0x00007ff9a9f9e000 	C:\windows\SYSTEM32\USERENV.dll
0x00007ff9a9940000 - 0x00007ff9a994c000 	C:\windows\SYSTEM32\CRYPTBASE.dll
0x00007ff9a9460000 - 0x00007ff9a949b000 	C:\windows\SYSTEM32\IPHLPAPI.DLL
0x00007ff9aaf00000 - 0x00007ff9aaf08000 	C:\windows\System32\NSI.dll
0x00007ff9a35e0000 - 0x00007ff9a35f7000 	C:\windows\SYSTEM32\dhcpcsvc6.DLL
0x00007ff9a35c0000 - 0x00007ff9a35dd000 	C:\windows\SYSTEM32\dhcpcsvc.DLL
0x00007ff9a94a0000 - 0x00007ff9a956a000 	C:\windows\SYSTEM32\DNSAPI.dll
0x00007ff9a92d0000 - 0x00007ff9a9303000 	C:\windows\SYSTEM32\ntmarta.dll

dbghelp: loaded successfully - version: 4.0.5 - missing functions: none
symbol engine: initialized successfully - sym options: 0x614 - pdb path: .;C:\Program Files\Eclipse Adoptium\jdk-11.0.22.7-hotspot\bin;C:\windows\SYSTEM32;C:\Program Files\Avast Software\Avast;C:\windows\WinSxS\amd64_microsoft.windows.common-controls_6595b64144ccf1df_6.0.19041.4355_none_60b8b9eb71f62e16;C:\Program Files\Eclipse Adoptium\jdk-11.0.22.7-hotspot\bin\server;C:\Users\Sofia\.gradle\native\e1d6ef7f7dcc3fd88c89a11ec53ec762bb8ba0a96d01ffa2cd45eb1d1d8dd5c5\windows-amd64;C:\Users\Sofia\.gradle\native\5664cfc778a61ccfe75a443a1ab52a65af34e5dc3c78e0209fed803814484fcb\windows-amd64

VM Arguments:
jvm_args: --add-opens=java.base/java.util=ALL-UNNAMED --add-opens=java.base/java.lang=ALL-UNNAMED --add-opens=java.base/java.lang.invoke=ALL-UNNAMED --add-opens=java.base/java.util=ALL-UNNAMED --add-opens=java.prefs/java.util.prefs=ALL-UNNAMED --add-opens=java.prefs/java.util.prefs=ALL-UNNAMED --add-opens=java.base/java.nio.charset=ALL-UNNAMED --add-opens=java.base/java.net=ALL-UNNAMED --add-opens=java.base/java.util.concurrent.atomic=ALL-UNNAMED -Xmx2048m -Dfile.encoding=UTF-8 -Duser.country=RU -Duser.language=ru -Duser.variant 
java_command: org.gradle.launcher.daemon.bootstrap.GradleDaemon 7.2
java_class_path (initial): C:\Users\Sofia\.gradle\wrapper\dists\gradle-7.2-bin\2dnblmf4td7x66yl1d74lt32g\gradle-7.2\lib\gradle-launcher-7.2.jar
Launcher Type: SUN_STANDARD

[Global flags]
     intx CICompilerCount                          = 4                                         {product} {ergonomic}
     uint ConcGCThreads                            = 2                                         {product} {ergonomic}
     uint G1ConcRefinementThreads                  = 8                                         {product} {ergonomic}
   size_t G1HeapRegionSize                         = 1048576                                   {product} {ergonomic}
    uintx GCDrainStackTargetSize                   = 64                                        {product} {ergonomic}
   size_t InitialHeapSize                          = 130023424                                 {product} {ergonomic}
   size_t MarkStackSize                            = 4194304                                   {product} {ergonomic}
   size_t MaxHeapSize                              = 2147483648                                {product} {command line}
   size_t MaxNewSize                               = 1287651328                                {product} {ergonomic}
   size_t MinHeapDeltaBytes                        = 1048576                                   {product} {ergonomic}
    uintx NonNMethodCodeHeapSize                   = 5836300                                {pd product} {ergonomic}
    uintx NonProfiledCodeHeapSize                  = 122910970                              {pd product} {ergonomic}
    uintx ProfiledCodeHeapSize                     = 122910970                              {pd product} {ergonomic}
    uintx ReservedCodeCacheSize                    = 251658240                              {pd product} {ergonomic}
     bool SegmentedCodeCache                       = true                                      {product} {ergonomic}
     bool UseCompressedClassPointers               = true                                 {lp64_product} {ergonomic}
     bool UseCompressedOops                        = true                                 {lp64_product} {ergonomic}
     bool UseG1GC                                  = true                                      {product} {ergonomic}
     bool UseLargePagesIndividualAllocation        = false                                  {pd product} {ergonomic}

Logging:
Log output configuration:
 #0: stdout all=warning uptime,level,tags
 #1: stderr all=off uptime,level,tags

Environment Variables:
JAVA_HOME=C:\Program Files\Eclipse Adoptium\jdk-11.0.22.7-hotspot\
PATH=C:\Program Files\Python312\Scripts\;C:\Program Files\Python312\;C:\Program Files\Eclipse Adoptium\jdk-11.0.22.7-hotspot\bin;C:\windows\system32;C:\windows;C:\windows\System32\Wbem;C:\windows\System32\WindowsPowerShell\v1.0\;C:\windows\System32\OpenSSH\;C:\Program Files (x86)\Microsoft SQL Server\160\DTS\Binn\;C:\Program Files\Azure Data Studio\bin;C:\Program Files\nodejs\;C:\ProgramData\chocolatey\bin;C:\Program Files\Git\cmd;C:\Program Files\Docker\Docker\resources\bin;C:\Users\Sofia\AppData\Local\Microsoft\WindowsApps;C:\Users\Sofia\AppData\Local\Programs\Microsoft VS Code\bin;C:\Program Files\Azure Data Studio\bin;C:\Program Files\JetBrains\IntelliJ IDEA Community Edition 2024.1\bin;;C:\Users\Sofia\AppData\Local\Microsoft\WinGet\Packages\Schniz.fnm_Microsoft.Winget.Source_8wekyb3d8bbwe;C:\Users\Sofia\AppData\Roaming\npm;C:\Users\Sofia\AppData\Local\Android\Sdk\tools;C:\Users\Sofia\AppData\Local\Android\Sdk\tools\bin;
USERNAME=Sofia
OS=Windows_NT
PROCESSOR_IDENTIFIER=Intel64 Family 6 Model 140 Stepping 1, GenuineIntel
TMP=C:\Users\Sofia\AppData\Local\Temp
TEMP=C:\Users\Sofia\AppData\Local\Temp



---------------  S Y S T E M  ---------------

OS: Windows 10 , 64 bit Build 19041 (10.0.19041.5198)
OS uptime: 3 days 17:40 hours
Hyper-V role detected

CPU:total 8 (initial active 8) (4 cores per cpu, 2 threads per core) family 6 model 140 stepping 1 microcode 0xb8, cmov, cx8, fxsr, mmx, sse, sse2, sse3, ssse3, sse4.1, sse4.2, popcnt, avx, avx2, aes, clmul, erms, 3dnowpref, lzcnt, ht, tsc, tscinvbit, bmi1, bmi2, adx, evex, sha, fma

Memory: 4k page, system-wide physical 7872M (89M free)
TotalPageFile size 32404M (AvailPageFile size 123M)
current process WorkingSet (physical memory assigned to process): 373M, peak: 392M
current process commit charge ("private bytes"): 542M, peak: 757M

vm_info: OpenJDK 64-Bit Server VM (11.0.22+7) for windows-amd64 JRE (11.0.22+7), built on Jan 16 2024 23:15:30 by "" with MS VC++ 16.10 / 16.11 (VS2019)

END.
